[INFO] Scanning for projects...
[WARNING] 
[WARNING] Some problems were encountered while building the effective model for com.github.kevinsawicki:http-request:jar:6.1-SNAPSHOT
[WARNING] 'parent.relativePath' of POM com.github.kevinsawicki:http-request:6.1-SNAPSHOT (/Users/ekaya/Desktop/testing/flakyRepair/repos/http-request/lib/pom.xml) points at com.github.kevinsawicki:http-request-parent instead of org.sonatype.oss:oss-parent, please verify your project structure @ line 5, column 11
[WARNING] Reporting configuration should be done in <reporting> section, not in maven-site-plugin <configuration> as reportPlugins parameter. @ line 139, column 24
[WARNING] 
[WARNING] It is highly recommended to fix these problems because they threaten the stability of your build.
[WARNING] 
[WARNING] For this reason, future Maven versions might no longer support building such malformed projects.
[WARNING] 
[INFO] 
[INFO] ----------------< com.github.kevinsawicki:http-request >----------------
[INFO] Building http-request 6.1-SNAPSHOT
[INFO]   from pom.xml
[INFO] --------------------------------[ jar ]---------------------------------
[INFO] 
[INFO] --- surefire:3.2.5:test (default-cli) @ http-request ---
[INFO] Using auto detected provider org.apache.maven.surefire.junit4.JUnit4Provider
[INFO] 
[INFO] -------------------------------------------------------
[INFO]  T E S T S
[INFO] -------------------------------------------------------
[INFO] Running flakyrepro.ProgrammaticReproducer_row08
2026-05-03 00:50:32.224:INFO:oejs.Server:jetty-8.1.9.v20130131
2026-05-03 00:50:32.261:INFO:oejs.AbstractConnector:Started SelectChannelConnector@0.0.0.0:65326
2026-05-03 00:50:32.283:INFO:oejs.Server:jetty-8.1.9.v20130131
2026-05-03 00:50:32.293:INFO:oejs.AbstractConnector:Started SelectChannelConnector@0.0.0.0:65327
[REPRODUCED] row08: HttpRequestException: java.io.IOException
[ERROR] Tests run: 1, Failures: 0, Errors: 1, Skipped: 0, Time elapsed: 0.584 s <<< FAILURE! -- in flakyrepro.ProgrammaticReproducer_row08
[ERROR] flakyrepro.ProgrammaticReproducer_row08.reproduce -- Time elapsed: 0.534 s <<< ERROR!
com.github.kevinsawicki.http.HttpRequest$HttpRequestException: java.io.IOException
	at com.github.kevinsawicki.http.HttpRequest.createConnection(HttpRequest.java:1507)
	at com.github.kevinsawicki.http.HttpRequest.getConnection(HttpRequest.java:1523)
	at com.github.kevinsawicki.http.HttpRequest.header(HttpRequest.java:2066)
	at com.github.kevinsawicki.http.HttpRequest.proxyAuthorization(HttpRequest.java:2472)
	at com.github.kevinsawicki.http.HttpRequest.proxyBasic(HttpRequest.java:2496)
	at com.github.kevinsawicki.http.HttpRequestTest.basicProxyAuthentication(HttpRequestTest.java:975)
	at sun.reflect.NativeMethodAccessorImpl.invoke0(Native Method)
	at sun.reflect.NativeMethodAccessorImpl.invoke(NativeMethodAccessorImpl.java:62)
	at sun.reflect.DelegatingMethodAccessorImpl.invoke(DelegatingMethodAccessorImpl.java:43)
	at java.lang.reflect.Method.invoke(Method.java:498)
	at flakyrepro.ProgrammaticReproducer_row08.reproduce(ProgrammaticReproducer_row08.java:47)
	at sun.reflect.NativeMethodAccessorImpl.invoke0(Native Method)
	at sun.reflect.NativeMethodAccessorImpl.invoke(NativeMethodAccessorImpl.java:62)
	at sun.reflect.DelegatingMethodAccessorImpl.invoke(DelegatingMethodAccessorImpl.java:43)
	at java.lang.reflect.Method.invoke(Method.java:498)
	at org.junit.runners.model.FrameworkMethod$1.runReflectiveCall(FrameworkMethod.java:45)
	at org.junit.internal.runners.model.ReflectiveCallable.run(ReflectiveCallable.java:15)
	at org.junit.runners.model.FrameworkMethod.invokeExplosively(FrameworkMethod.java:42)
	at org.junit.internal.runners.statements.InvokeMethod.evaluate(InvokeMethod.java:20)
	at org.junit.runners.ParentRunner.runLeaf(ParentRunner.java:263)
	at org.junit.runners.BlockJUnit4ClassRunner.runChild(BlockJUnit4ClassRunner.java:68)
	at org.junit.runners.BlockJUnit4ClassRunner.runChild(BlockJUnit4ClassRunner.java:47)
	at org.junit.runners.ParentRunner$3.run(ParentRunner.java:231)
	at org.junit.runners.ParentRunner$1.schedule(ParentRunner.java:60)
	at org.junit.runners.ParentRunner.runChildren(ParentRunner.java:229)
	at org.junit.runners.ParentRunner.access$000(ParentRunner.java:50)
	at org.junit.runners.ParentRunner$2.evaluate(ParentRunner.java:222)
	at org.junit.runners.ParentRunner.run(ParentRunner.java:300)
	at org.apache.maven.surefire.junit4.JUnit4Provider.execute(JUnit4Provider.java:316)
	at org.apache.maven.surefire.junit4.JUnit4Provider.executeWithRerun(JUnit4Provider.java:240)
	at org.apache.maven.surefire.junit4.JUnit4Provider.executeTestSet(JUnit4Provider.java:214)
	at org.apache.maven.surefire.junit4.JUnit4Provider.invoke(JUnit4Provider.java:155)
	at org.apache.maven.surefire.booter.ForkedBooter.runSuitesInProcess(ForkedBooter.java:385)
	at org.apache.maven.surefire.booter.ForkedBooter.execute(ForkedBooter.java:162)
	at org.apache.maven.surefire.booter.ForkedBooter.run(ForkedBooter.java:507)
	at org.apache.maven.surefire.booter.ForkedBooter.main(ForkedBooter.java:495)
Caused by: java.io.IOException
	at com.github.kevinsawicki.http.HttpRequestTest$129.create(HttpRequestTest.java:3473)
	at com.github.kevinsawicki.http.HttpRequest.createConnection(HttpRequest.java:1501)
	... 35 more

[INFO] 
[INFO] Results:
[INFO] 
[ERROR] Errors: 
[ERROR]   ProgrammaticReproducer_row08.reproduce:47 » HttpRequest java.io.IOException
[INFO] 
[ERROR] Tests run: 1, Failures: 0, Errors: 1, Skipped: 0
[INFO] 
[ERROR] 

Please refer to /Users/ekaya/Desktop/testing/flakyRepair/repos/http-request/lib/target/surefire-reports for the individual test results.
Please refer to dump files (if any exist) [date].dump, [date]-jvmRun[N].dump and [date].dumpstream.
[INFO] ------------------------------------------------------------------------
[INFO] BUILD SUCCESS
[INFO] ------------------------------------------------------------------------
[INFO] Total time:  3.482 s
[INFO] Finished at: 2026-05-03T00:50:32-04:00
[INFO] ------------------------------------------------------------------------


--- COMPILE STEP (prepended) ---
[INFO] Scanning for projects...
[WARNING] 
[WARNING] Some problems were encountered while building the effective model for com.github.kevinsawicki:http-request:jar:6.1-SNAPSHOT
[WARNING] 'parent.relativePath' of POM com.github.kevinsawicki:http-request:6.1-SNAPSHOT (/Users/ekaya/Desktop/testing/flakyRepair/repos/http-request/lib/pom.xml) points at com.github.kevinsawicki:http-request-parent instead of org.sonatype.oss:oss-parent, please verify your project structure @ line 5, column 11
[WARNING] Reporting configuration should be done in <reporting> section, not in maven-site-plugin <configuration> as reportPlugins parameter. @ line 139, column 24
[WARNING] 
[WARNING] It is highly recommended to fix these problems because they threaten the stability of your build.
[WARNING] 
[WARNING] For this reason, future Maven versions might no longer support building such malformed projects.
[WARNING] 
[INFO] 
[INFO] ----------------< com.github.kevinsawicki:http-request >----------------
[INFO] Building http-request 6.1-SNAPSHOT
[INFO]   from pom.xml
[INFO] --------------------------------[ jar ]---------------------------------
[INFO] 
[INFO] --- enforcer:1.0:enforce (enforce-maven) @ http-request ---
[INFO] Skipping Rule Enforcement.
[INFO] 
[INFO] --- resources:3.3.1:resources (default-resources) @ http-request ---
[INFO] skip non existing resourceDirectory /Users/ekaya/Desktop/testing/flakyRepair/repos/http-request/lib/src/main/resources
[INFO] 
[INFO] --- compiler:2.3.2:compile (default-compile) @ http-request ---
[INFO] Nothing to compile - all classes are up to date
[INFO] 
[INFO] --- bundle:2.3.7:manifest (bundle-manifest) @ http-request ---
[INFO] 
[INFO] --- resources:3.3.1:testResources (default-testResources) @ http-request ---
[INFO] skip non existing resourceDirectory /Users/ekaya/Desktop/testing/flakyRepair/repos/http-request/lib/src/test/resources
[INFO] 
[INFO] --- compiler:2.3.2:testCompile (default-testCompile) @ http-request ---
[INFO] Compiling 1 source file to /Users/ekaya/Desktop/testing/flakyRepair/repos/http-request/lib/target/test-classes
[INFO] ------------------------------------------------------------------------
[INFO] BUILD SUCCESS
[INFO] ------------------------------------------------------------------------
[INFO] Total time:  3.262 s
[INFO] Finished at: 2026-05-03T00:50:26-04:00
[INFO] ------------------------------------------------------------------------
