[INFO] Scanning for projects...
[INFO] 
[INFO] ---------------< com.openhtmltopdf:openhtmltopdf-slf4j >----------------
[INFO] Building Openhtmltopdf slf4j Support 1.0.5-SNAPSHOT
[INFO]   from pom.xml
[INFO] --------------------------------[ jar ]---------------------------------
[INFO] 
[INFO] --- surefire:3.2.5:test (default-cli) @ openhtmltopdf-slf4j ---
[INFO] Using auto detected provider org.apache.maven.surefire.junit4.JUnit4Provider
[INFO] 
[INFO] -------------------------------------------------------
[INFO]  T E S T S
[INFO] -------------------------------------------------------
[INFO] Running com.openhtmltopdf.slf4j.Slf4JLoggerTest
[main] [INFO] com.openhtmltopdf.load - SAX XMLReader in use (parser): com.sun.org.apache.xerces.internal.parsers.SAXParser
[main] [INFO] com.openhtmltopdf.load - SAX XMLReader in use (parser): com.sun.org.apache.xerces.internal.parsers.SAXParser
[main] [INFO] com.openhtmltopdf.load - The markup in the document preceding the root element must be well-formed.
ERROR:  'The markup in the document preceding the root element must be well-formed.'
[main] [WARN] com.openhtmltopdf.exception - Unhandled exception. Can't load the XML resource (using TRaX transformer). org.xml.sax.SAXParseException; lineNumber: 1; columnNumber: 2; The markup in the document preceding the root element must be well-formed.
javax.xml.transform.TransformerException: org.xml.sax.SAXParseException; lineNumber: 1; columnNumber: 2; The markup in the document preceding the root element must be well-formed.
	at com.sun.org.apache.xalan.internal.xsltc.trax.TransformerImpl.transform(TransformerImpl.java:740)
	at com.sun.org.apache.xalan.internal.xsltc.trax.TransformerImpl.transform(TransformerImpl.java:343)
	at com.openhtmltopdf.resource.XMLResource$XMLResourceBuilder.createXMLResource(XMLResource.java:258)
	at com.openhtmltopdf.resource.XMLResource$XMLResourceBuilder.access$100(XMLResource.java:157)
	at com.openhtmltopdf.resource.XMLResource.load(XMLResource.java:77)
	at com.openhtmltopdf.pdfboxout.PdfBoxRenderer.setDocumentFromStringP(PdfBoxRenderer.java:302)
	at com.openhtmltopdf.pdfboxout.PdfBoxRenderer.<init>(PdfBoxRenderer.java:244)
	at com.openhtmltopdf.pdfboxout.PdfRendererBuilder.buildPdfRenderer(PdfRendererBuilder.java:65)
	at com.openhtmltopdf.pdfboxout.PdfRendererBuilder.run(PdfRendererBuilder.java:40)
	at com.openhtmltopdf.slf4j.Slf4JLoggerTest.runWithLogOutput(Slf4JLoggerTest.java:74)
	at com.openhtmltopdf.slf4j.Slf4JLoggerTest.testLogger(Slf4JLoggerTest.java:38)
	at sun.reflect.NativeMethodAccessorImpl.invoke0(Native Method)
	at sun.reflect.NativeMethodAccessorImpl.invoke(NativeMethodAccessorImpl.java:62)
	at sun.reflect.DelegatingMethodAccessorImpl.invoke(DelegatingMethodAccessorImpl.java:43)
	at java.lang.reflect.Method.invoke(Method.java:498)
	at org.junit.runners.model.FrameworkMethod$1.runReflectiveCall(FrameworkMethod.java:50)
	at org.junit.internal.runners.model.ReflectiveCallable.run(ReflectiveCallable.java:12)
	at org.junit.runners.model.FrameworkMethod.invokeExplosively(FrameworkMethod.java:47)
	at org.junit.internal.runners.statements.InvokeMethod.evaluate(InvokeMethod.java:17)
	at org.junit.runners.ParentRunner.runLeaf(ParentRunner.java:325)
	at org.junit.runners.BlockJUnit4ClassRunner.runChild(BlockJUnit4ClassRunner.java:78)
	at org.junit.runners.BlockJUnit4ClassRunner.runChild(BlockJUnit4ClassRunner.java:57)
	at org.junit.runners.ParentRunner$3.run(ParentRunner.java:290)
	at org.junit.runners.ParentRunner$1.schedule(ParentRunner.java:71)
	at org.junit.runners.ParentRunner.runChildren(ParentRunner.java:288)
	at org.junit.runners.ParentRunner.access$000(ParentRunner.java:58)
	at org.junit.runners.ParentRunner$2.evaluate(ParentRunner.java:268)
	at org.junit.internal.runners.statements.RunBefores.evaluate(RunBefores.java:26)
	at org.junit.runners.ParentRunner.run(ParentRunner.java:363)
	at org.apache.maven.surefire.junit4.JUnit4Provider.execute(JUnit4Provider.java:316)
	at org.apache.maven.surefire.junit4.JUnit4Provider.executeWithRerun(JUnit4Provider.java:240)
	at org.apache.maven.surefire.junit4.JUnit4Provider.executeTestSet(JUnit4Provider.java:214)
	at org.apache.maven.surefire.junit4.JUnit4Provider.invoke(JUnit4Provider.java:155)
	at org.apache.maven.surefire.booter.ForkedBooter.runSuitesInProcess(ForkedBooter.java:385)
	at org.apache.maven.surefire.booter.ForkedBooter.execute(ForkedBooter.java:162)
	at org.apache.maven.surefire.booter.ForkedBooter.run(ForkedBooter.java:507)
	at org.apache.maven.surefire.booter.ForkedBooter.main(ForkedBooter.java:495)
Caused by: org.xml.sax.SAXParseException; lineNumber: 1; columnNumber: 2; The markup in the document preceding the root element must be well-formed.
	at com.sun.org.apache.xerces.internal.parsers.AbstractSAXParser.parse(AbstractSAXParser.java:1239)
	at com.sun.org.apache.xalan.internal.xsltc.trax.TransformerImpl.transformIdentity(TransformerImpl.java:659)
	at com.sun.org.apache.xalan.internal.xsltc.trax.TransformerImpl.transform(TransformerImpl.java:728)
	... 36 more
---------
org.xml.sax.SAXParseException; lineNumber: 1; columnNumber: 2; The markup in the document preceding the root element must be well-formed.
	at com.sun.org.apache.xerces.internal.parsers.AbstractSAXParser.parse(AbstractSAXParser.java:1239)
	at com.sun.org.apache.xalan.internal.xsltc.trax.TransformerImpl.transformIdentity(TransformerImpl.java:659)
	at com.sun.org.apache.xalan.internal.xsltc.trax.TransformerImpl.transform(TransformerImpl.java:728)
	at com.sun.org.apache.xalan.internal.xsltc.trax.TransformerImpl.transform(TransformerImpl.java:343)
	at com.openhtmltopdf.resource.XMLResource$XMLResourceBuilder.createXMLResource(XMLResource.java:258)
	at com.openhtmltopdf.resource.XMLResource$XMLResourceBuilder.access$100(XMLResource.java:157)
	at com.openhtmltopdf.resource.XMLResource.load(XMLResource.java:77)
	at com.openhtmltopdf.pdfboxout.PdfBoxRenderer.setDocumentFromStringP(PdfBoxRenderer.java:302)
	at com.openhtmltopdf.pdfboxout.PdfBoxRenderer.<init>(PdfBoxRenderer.java:244)
	at com.openhtmltopdf.pdfboxout.PdfRendererBuilder.buildPdfRenderer(PdfRendererBuilder.java:65)
	at com.openhtmltopdf.pdfboxout.PdfRendererBuilder.run(PdfRendererBuilder.java:40)
	at com.openhtmltopdf.slf4j.Slf4JLoggerTest.runWithLogOutput(Slf4JLoggerTest.java:74)
	at com.openhtmltopdf.slf4j.Slf4JLoggerTest.testLogger(Slf4JLoggerTest.java:38)
	at sun.reflect.NativeMethodAccessorImpl.invoke0(Native Method)
	at sun.reflect.NativeMethodAccessorImpl.invoke(NativeMethodAccessorImpl.java:62)
	at sun.reflect.DelegatingMethodAccessorImpl.invoke(DelegatingMethodAccessorImpl.java:43)
	at java.lang.reflect.Method.invoke(Method.java:498)
	at org.junit.runners.model.FrameworkMethod$1.runReflectiveCall(FrameworkMethod.java:50)
	at org.junit.internal.runners.model.ReflectiveCallable.run(ReflectiveCallable.java:12)
	at org.junit.runners.model.FrameworkMethod.invokeExplosively(FrameworkMethod.java:47)
	at org.junit.internal.runners.statements.InvokeMethod.evaluate(InvokeMethod.java:17)
	at org.junit.runners.ParentRunner.runLeaf(ParentRunner.java:325)
	at org.junit.runners.BlockJUnit4ClassRunner.runChild(BlockJUnit4ClassRunner.java:78)
	at org.junit.runners.BlockJUnit4ClassRunner.runChild(BlockJUnit4ClassRunner.java:57)
	at org.junit.runners.ParentRunner$3.run(ParentRunner.java:290)
	at org.junit.runners.ParentRunner$1.schedule(ParentRunner.java:71)
	at org.junit.runners.ParentRunner.runChildren(ParentRunner.java:288)
	at org.junit.runners.ParentRunner.access$000(ParentRunner.java:58)
	at org.junit.runners.ParentRunner$2.evaluate(ParentRunner.java:268)
	at org.junit.internal.runners.statements.RunBefores.evaluate(RunBefores.java:26)
	at org.junit.runners.ParentRunner.run(ParentRunner.java:363)
	at org.apache.maven.surefire.junit4.JUnit4Provider.execute(JUnit4Provider.java:316)
	at org.apache.maven.surefire.junit4.JUnit4Provider.executeWithRerun(JUnit4Provider.java:240)
	at org.apache.maven.surefire.junit4.JUnit4Provider.executeTestSet(JUnit4Provider.java:214)
	at org.apache.maven.surefire.junit4.JUnit4Provider.invoke(JUnit4Provider.java:155)
	at org.apache.maven.surefire.booter.ForkedBooter.runSuitesInProcess(ForkedBooter.java:385)
	at org.apache.maven.surefire.booter.ForkedBooter.execute(ForkedBooter.java:162)
	at org.apache.maven.surefire.booter.ForkedBooter.run(ForkedBooter.java:507)
	at org.apache.maven.surefire.booter.ForkedBooter.main(ForkedBooter.java:495)

[INFO] Tests run: 1, Failures: 0, Errors: 0, Skipped: 0, Time elapsed: 3.391 s -- in com.openhtmltopdf.slf4j.Slf4JLoggerTest
[INFO] 
[INFO] Results:
[INFO] 
[INFO] Tests run: 1, Failures: 0, Errors: 0, Skipped: 0
[INFO] 
[INFO] ------------------------------------------------------------------------
[INFO] BUILD SUCCESS
[INFO] ------------------------------------------------------------------------
[INFO] Total time:  6.075 s
[INFO] Finished at: 2026-05-03T00:52:38-04:00
[INFO] ------------------------------------------------------------------------
