[INFO] Scanning for projects...
[WARNING] Ignoring incompatible plugin version 4.0.0-beta-1: 
The plugin org.apache.maven.plugins:maven-resources-plugin:4.0.0-beta-1 has unmet prerequisites: 
	Required Java version 17 is not met by current version: 1.8.0_292
	Required Maven version 4.0.0-beta-3 is not met by current version 3.9.12
[INFO] Latest version of plugin org.apache.maven.plugins:maven-resources-plugin failed compatibility check
[INFO] Looking for compatible RELEASE version of plugin org.apache.maven.plugins:maven-resources-plugin
[INFO] Selected plugin org.apache.maven.plugins:maven-resources-plugin:3.5.0
[WARNING] Ignoring incompatible plugin version 4.0.0-beta-2: 
The plugin org.apache.maven.plugins:maven-install-plugin:4.0.0-beta-2 has unmet prerequisites: 
	Required Java version 17 is not met by current version: 1.8.0_292
	Required Maven version 4.0.0-rc-2 is not met by current version 3.9.12
[INFO] Latest version of plugin org.apache.maven.plugins:maven-install-plugin failed compatibility check
[INFO] Looking for compatible RELEASE version of plugin org.apache.maven.plugins:maven-install-plugin
[WARNING] Ignoring incompatible plugin version 4.0.0-beta-1: 
The plugin org.apache.maven.plugins:maven-install-plugin:4.0.0-beta-1 has unmet prerequisites: 
	Required Java version 17 is not met by current version: 1.8.0_292
	Required Maven version 4.0.0-beta-3 is not met by current version 3.9.12
[INFO] Selected plugin org.apache.maven.plugins:maven-install-plugin:3.1.4
[INFO] 
[INFO] ---------------------< net.sf.marineapi:marineapi >---------------------
[INFO] Building Java Marine API 0.11.0-SNAPSHOT
[INFO]   from pom.xml
[INFO] -------------------------------[ bundle ]-------------------------------
[INFO] 
[INFO] --- surefire:3.5.5:test (default-cli) @ marineapi ---
[INFO] Using auto detected provider org.apache.maven.surefire.junit4.JUnit4Provider
[INFO] 
[INFO] -------------------------------------------------------
[INFO]  T E S T S
[INFO] -------------------------------------------------------
[INFO] Running flakyrepro.DiffClassReproducer_row11
[REPRODUCED] row11: UnsupportedSentenceException: Parser for type 'VDM' not found
[ERROR] Tests run: 1, Failures: 0, Errors: 1, Skipped: 0, Time elapsed: 0.140 s <<< FAILURE! -- in flakyrepro.DiffClassReproducer_row11
[ERROR] flakyrepro.DiffClassReproducer_row11.reproduce -- Time elapsed: 0.098 s <<< ERROR!
net.sf.marineapi.nmea.parser.UnsupportedSentenceException: Parser for type 'VDM' not found
	at net.sf.marineapi.nmea.parser.SentenceFactory.createParserImpl(SentenceFactory.java:243)
	at net.sf.marineapi.nmea.parser.SentenceFactory.createParser(SentenceFactory.java:101)
	at net.sf.marineapi.ais.event.AbstractAISMessageListenerTest.<init>(AbstractAISMessageListenerTest.java:21)
	at sun.reflect.NativeConstructorAccessorImpl.newInstance0(Native Method)
	at sun.reflect.NativeConstructorAccessorImpl.newInstance(NativeConstructorAccessorImpl.java:62)
	at sun.reflect.DelegatingConstructorAccessorImpl.newInstance(DelegatingConstructorAccessorImpl.java:45)
	at java.lang.reflect.Constructor.newInstance(Constructor.java:423)
	at flakyrepro.DiffClassReproducer_row11.reproduce(DiffClassReproducer_row11.java:39)
	at sun.reflect.NativeMethodAccessorImpl.invoke0(Native Method)
	at sun.reflect.NativeMethodAccessorImpl.invoke(NativeMethodAccessorImpl.java:62)
	at sun.reflect.DelegatingMethodAccessorImpl.invoke(DelegatingMethodAccessorImpl.java:43)
	at java.lang.reflect.Method.invoke(Method.java:498)
	at org.junit.runners.model.FrameworkMethod$1.runReflectiveCall(FrameworkMethod.java:50)
	at org.junit.internal.runners.model.ReflectiveCallable.run(ReflectiveCallable.java:12)
	at org.junit.runners.model.FrameworkMethod.invokeExplosively(FrameworkMethod.java:47)
	at org.junit.internal.runners.statements.InvokeMethod.evaluate(InvokeMethod.java:17)
	at org.junit.runners.ParentRunner.runLeaf(ParentRunner.java:325)
	at org.junit.runners.BlockJUnit4ClassRunner.runChild(BlockJUnit4ClassRunner.java:78)
	at org.junit.runners.BlockJUnit4ClassRunner.runChild(BlockJUnit4ClassRunner.java:57)
	at org.junit.runners.ParentRunner$3.run(ParentRunner.java:290)
	at org.junit.runners.ParentRunner$1.schedule(ParentRunner.java:71)
	at org.junit.runners.ParentRunner.runChildren(ParentRunner.java:288)
	at org.junit.runners.ParentRunner.access$000(ParentRunner.java:58)
	at org.junit.runners.ParentRunner$2.evaluate(ParentRunner.java:268)
	at org.junit.runners.ParentRunner.run(ParentRunner.java:363)
	at org.apache.maven.surefire.junit4.JUnit4Provider.execute(JUnit4Provider.java:316)
	at org.apache.maven.surefire.junit4.JUnit4Provider.executeWithRerun(JUnit4Provider.java:240)
	at org.apache.maven.surefire.junit4.JUnit4Provider.executeTestSet(JUnit4Provider.java:214)
	at org.apache.maven.surefire.junit4.JUnit4Provider.invoke(JUnit4Provider.java:155)
	at org.apache.maven.surefire.booter.ForkedBooter.runSuitesInProcess(ForkedBooter.java:385)
	at org.apache.maven.surefire.booter.ForkedBooter.execute(ForkedBooter.java:162)
	at org.apache.maven.surefire.booter.ForkedBooter.run(ForkedBooter.java:507)
	at org.apache.maven.surefire.booter.ForkedBooter.main(ForkedBooter.java:495)

[INFO] 
[INFO] Results:
[INFO] 
[ERROR] Errors: 
[ERROR]   DiffClassReproducer_row11.reproduce:39 » UnsupportedSentence Parser for type 'VDM' not found
[INFO] 
[ERROR] Tests run: 1, Failures: 0, Errors: 1, Skipped: 0
[INFO] 
[ERROR] 

See /Users/ekaya/Desktop/testing/flakyRepair/repos/marine-api/target/surefire-reports for the individual test results.
See dump files (if any exist) [date].dump, [date]-jvmRun[N].dump and [date].dumpstream.
[INFO] ------------------------------------------------------------------------
[INFO] BUILD SUCCESS
[INFO] ------------------------------------------------------------------------
[INFO] Total time:  4.012 s
[INFO] Finished at: 2026-05-03T00:51:31-04:00
[INFO] ------------------------------------------------------------------------


--- COMPILE STEP (prepended) ---
[INFO] Scanning for projects...
[INFO] 
[INFO] ---------------------< net.sf.marineapi:marineapi >---------------------
[INFO] Building Java Marine API 0.11.0-SNAPSHOT
[INFO]   from pom.xml
[INFO] -------------------------------[ bundle ]-------------------------------
[WARNING] Ignoring incompatible plugin version 4.0.0-beta-1: 
The plugin org.apache.maven.plugins:maven-resources-plugin:4.0.0-beta-1 has unmet prerequisites: 
	Required Java version 17 is not met by current version: 1.8.0_292
	Required Maven version 4.0.0-beta-3 is not met by current version 3.9.12
[INFO] Latest version of plugin org.apache.maven.plugins:maven-resources-plugin failed compatibility check
[INFO] Looking for compatible RELEASE version of plugin org.apache.maven.plugins:maven-resources-plugin
[INFO] Selected plugin org.apache.maven.plugins:maven-resources-plugin:3.5.0
[WARNING] Ignoring incompatible plugin version 4.0.0-beta-2: 
The plugin org.apache.maven.plugins:maven-install-plugin:4.0.0-beta-2 has unmet prerequisites: 
	Required Java version 17 is not met by current version: 1.8.0_292
	Required Maven version 4.0.0-rc-2 is not met by current version 3.9.12
[INFO] Latest version of plugin org.apache.maven.plugins:maven-install-plugin failed compatibility check
[INFO] Looking for compatible RELEASE version of plugin org.apache.maven.plugins:maven-install-plugin
[WARNING] Ignoring incompatible plugin version 4.0.0-beta-1: 
The plugin org.apache.maven.plugins:maven-install-plugin:4.0.0-beta-1 has unmet prerequisites: 
	Required Java version 17 is not met by current version: 1.8.0_292
	Required Maven version 4.0.0-beta-3 is not met by current version 3.9.12
[INFO] Selected plugin org.apache.maven.plugins:maven-install-plugin:3.1.4
[INFO] 
[INFO] --- enforcer:3.0.0-M2:enforce (enforce-maven) @ marineapi ---
[INFO] Skipping Rule Enforcement.
[INFO] 
[INFO] --- resources:3.5.0:resources (default-resources) @ marineapi ---
[INFO] Copying 3 resources from src/main/resources to target/classes
[INFO] 
[INFO] --- compiler:3.8.0:compile (default-compile) @ marineapi ---
[INFO] Nothing to compile - all classes are up to date
[INFO] 
[INFO] --- resources:3.5.0:testResources (default-testResources) @ marineapi ---
[INFO] Copying 10 resources from src/test/resources to target/test-classes
[INFO] 
[INFO] --- compiler:3.8.0:testCompile (default-testCompile) @ marineapi ---
[INFO] Changes detected - recompiling the module!
[INFO] Compiling 76 source files to /Users/ekaya/Desktop/testing/flakyRepair/repos/marine-api/target/test-classes
[INFO] /Users/ekaya/Desktop/testing/flakyRepair/repos/marine-api/src/test/java/net/sf/marineapi/nmea/parser/MHUTest.java: /Users/ekaya/Desktop/testing/flakyRepair/repos/marine-api/src/test/java/net/sf/marineapi/nmea/parser/MHUTest.java uses or overrides a deprecated API.
[INFO] /Users/ekaya/Desktop/testing/flakyRepair/repos/marine-api/src/test/java/net/sf/marineapi/nmea/parser/MHUTest.java: Recompile with -Xlint:deprecation for details.
[INFO] ------------------------------------------------------------------------
[INFO] BUILD SUCCESS
[INFO] ------------------------------------------------------------------------
[INFO] Total time:  7.626 s
[INFO] Finished at: 2026-05-03T00:51:24-04:00
[INFO] ------------------------------------------------------------------------
