[INFO] Scanning for projects...
[INFO] Inspecting build with total of 1 modules...
[INFO] Installing Nexus Staging features:
[INFO]   ... total of 1 executions of maven-deploy-plugin replaced with nexus-staging-maven-plugin
[INFO] 
[INFO] --------------------< de.struller-baumann:visualee >--------------------
[INFO] Building visualee 0.29-SNAPSHOT
[INFO]   from pom.xml
[INFO] ----------------------------[ maven-plugin ]----------------------------
[INFO] 
[INFO] --- surefire:3.2.5:test (default-cli) @ visualee ---
[INFO] Using auto detected provider org.apache.maven.surefire.junit4.JUnit4Provider
[INFO] 
[INFO] -------------------------------------------------------
[INFO]  T E S T S
[INFO] -------------------------------------------------------
[INFO] Running flakyrepro.ProgrammaticReproducer_row19
[REPRODUCED] row19: AssertionError: expected:<true> but was:<false>
[ERROR] Tests run: 1, Failures: 1, Errors: 0, Skipped: 0, Time elapsed: 0.121 s <<< FAILURE! -- in flakyrepro.ProgrammaticReproducer_row19
[ERROR] flakyrepro.ProgrammaticReproducer_row19.reproduce -- Time elapsed: 0.052 s <<< FAILURE!
java.lang.AssertionError: expected:<true> but was:<false>
	at org.junit.Assert.fail(Assert.java:88)
	at org.junit.Assert.failNotEquals(Assert.java:834)
	at org.junit.Assert.assertEquals(Assert.java:118)
	at org.junit.Assert.assertEquals(Assert.java:144)
	at de.strullerbaumann.visualee.filter.entity.ClassFilterTest.testIsOkExcludeFalse(ClassFilterTest.java:107)
	at sun.reflect.NativeMethodAccessorImpl.invoke0(Native Method)
	at sun.reflect.NativeMethodAccessorImpl.invoke(NativeMethodAccessorImpl.java:62)
	at sun.reflect.DelegatingMethodAccessorImpl.invoke(DelegatingMethodAccessorImpl.java:43)
	at java.lang.reflect.Method.invoke(Method.java:498)
	at flakyrepro.ProgrammaticReproducer_row19.reproduce(ProgrammaticReproducer_row19.java:67)
	at sun.reflect.NativeMethodAccessorImpl.invoke0(Native Method)
	at sun.reflect.NativeMethodAccessorImpl.invoke(NativeMethodAccessorImpl.java:62)
	at sun.reflect.DelegatingMethodAccessorImpl.invoke(DelegatingMethodAccessorImpl.java:43)
	at java.lang.reflect.Method.invoke(Method.java:498)
	at org.junit.runners.model.FrameworkMethod$1.runReflectiveCall(FrameworkMethod.java:50)
	at org.junit.internal.runners.model.ReflectiveCallable.run(ReflectiveCallable.java:12)
	at org.junit.runners.model.FrameworkMethod.invokeExplosively(FrameworkMethod.java:47)
	at org.junit.internal.runners.statements.InvokeMethod.evaluate(InvokeMethod.java:17)
	at org.junit.runners.ParentRunner.runLeaf(ParentRunner.java:325)
	at org.junit.runners.BlockJUnit4ClassRunner.runChild(BlockJUnit4ClassRunner.java:78)
	at org.junit.runners.BlockJUnit4ClassRunner.runChild(BlockJUnit4ClassRunner.java:57)
	at org.junit.runners.ParentRunner$3.run(ParentRunner.java:290)
	at org.junit.runners.ParentRunner$1.schedule(ParentRunner.java:71)
	at org.junit.runners.ParentRunner.runChildren(ParentRunner.java:288)
	at org.junit.runners.ParentRunner.access$000(ParentRunner.java:58)
	at org.junit.runners.ParentRunner$2.evaluate(ParentRunner.java:268)
	at org.junit.runners.ParentRunner.run(ParentRunner.java:363)
	at org.apache.maven.surefire.junit4.JUnit4Provider.execute(JUnit4Provider.java:316)
	at org.apache.maven.surefire.junit4.JUnit4Provider.executeWithRerun(JUnit4Provider.java:240)
	at org.apache.maven.surefire.junit4.JUnit4Provider.executeTestSet(JUnit4Provider.java:214)
	at org.apache.maven.surefire.junit4.JUnit4Provider.invoke(JUnit4Provider.java:155)
	at org.apache.maven.surefire.booter.ForkedBooter.runSuitesInProcess(ForkedBooter.java:385)
	at org.apache.maven.surefire.booter.ForkedBooter.execute(ForkedBooter.java:162)
	at org.apache.maven.surefire.booter.ForkedBooter.run(ForkedBooter.java:507)
	at org.apache.maven.surefire.booter.ForkedBooter.main(ForkedBooter.java:495)

[INFO] 
[INFO] Results:
[INFO] 
[ERROR] Failures: 
[ERROR]   ProgrammaticReproducer_row19.reproduce:67 expected:<true> but was:<false>
[INFO] 
[ERROR] Tests run: 1, Failures: 1, Errors: 0, Skipped: 0
[INFO] 
[ERROR] There are test failures.

Please refer to /Users/ekaya/Desktop/testing/flakyRepair/repos/visualee/target/surefire-reports for the individual test results.
Please refer to dump files (if any exist) [date].dump, [date]-jvmRun[N].dump and [date].dumpstream.
[INFO] ------------------------------------------------------------------------
[INFO] BUILD SUCCESS
[INFO] ------------------------------------------------------------------------
[INFO] Total time:  3.183 s
[INFO] Finished at: 2026-05-03T00:54:52-04:00
[INFO] ------------------------------------------------------------------------


--- COMPILE STEP (prepended) ---
[INFO] Scanning for projects...
[INFO] Inspecting build with total of 1 modules...
[INFO] Installing Nexus Staging features:
[INFO]   ... total of 1 executions of maven-deploy-plugin replaced with nexus-staging-maven-plugin
[INFO] 
[INFO] --------------------< de.struller-baumann:visualee >--------------------
[INFO] Building visualee 0.29-SNAPSHOT
[INFO]   from pom.xml
[INFO] ----------------------------[ maven-plugin ]----------------------------
[INFO] 
[INFO] --- license:1.6:update-file-header (add-apache-headers) @ visualee ---
[INFO] Will search files to update from root /Users/ekaya/Desktop/testing/flakyRepair/repos/visualee/src
[INFO] Will search files to update from root /Users/ekaya/Desktop/testing/flakyRepair/repos/visualee/target/generated-sources
[INFO]  - adding license header on file /Users/ekaya/Desktop/testing/flakyRepair/repos/visualee/src/test/java/flakyrepro/ProgrammaticReproducer_row19.java
[INFO] Scan 64 files header done in 209.784ms.
[INFO] 
 * uptodate header on 63 files.
 * add header on 1 file.
[INFO] 
[INFO] --- resources:3.3.1:resources (default-resources) @ visualee ---
[INFO] Copying 9 resources from src/main/resources to target/classes
[INFO] 
[INFO] --- compiler:3.3:compile (default-compile) @ visualee ---
[INFO] Nothing to compile - all classes are up to date
[INFO] 
[INFO] --- plugin:3.13.1:descriptor (default-descriptor) @ visualee ---
[WARNING] Execution skipped
[INFO] 
[INFO] --- resources:3.3.1:testResources (default-testResources) @ visualee ---
[INFO] skip non existing resourceDirectory /Users/ekaya/Desktop/testing/flakyRepair/repos/visualee/src/test/resources
[INFO] 
[INFO] --- compiler:3.3:testCompile (default-testCompile) @ visualee ---
[INFO] Changes detected - recompiling the module!
[INFO] Compiling 27 source files to /Users/ekaya/Desktop/testing/flakyRepair/repos/visualee/target/test-classes
[INFO] ------------------------------------------------------------------------
[INFO] BUILD SUCCESS
[INFO] ------------------------------------------------------------------------
[INFO] Total time:  6.753 s
[INFO] Finished at: 2026-05-03T00:54:46-04:00
[INFO] ------------------------------------------------------------------------
