[INFO] Scanning for projects...
[INFO] 
[INFO] ----------------< io.elasticjob:elastic-job-lite-core >-----------------
[INFO] Building elastic-job-lite-core 3.0.0.M1-SNAPSHOT
[INFO]   from pom.xml
[INFO] --------------------------------[ jar ]---------------------------------
[INFO] 
[INFO] --- surefire:2.19.1:test (default-cli) @ elastic-job-lite-core ---

-------------------------------------------------------
 T E S T S
-------------------------------------------------------
OpenJDK 64-Bit Server VM warning: ignoring option UseSplitVerifier; support was removed in 8.0
Running flakyrepro.ProgrammaticReproducer_row15
[REPRODUCED] row15: NeverWantedButInvoked: 
schedulerFacade.shutdownInstance();
Never wanted here:
-> at io.elasticjob.lite.internal.schedule.SchedulerFacade.shutdownInstance(SchedulerFacade.java:128)
But invoked here:
-> at io.elasticjob.lite.internal.instance.ShutdownListenerManager$InstanceShutdownStatusJobListener.dataChanged(ShutdownListenerManager.java:61)

Tests run: 1, Failures: 1, Errors: 0, Skipped: 0, Time elapsed: 2.463 sec <<< FAILURE! - in flakyrepro.ProgrammaticReproducer_row15
reproduce(flakyrepro.ProgrammaticReproducer_row15)  Time elapsed: 2.408 sec  <<< FAILURE!
org.mockito.exceptions.verification.NeverWantedButInvoked: 

schedulerFacade.shutdownInstance();
Never wanted here:
-> at io.elasticjob.lite.internal.schedule.SchedulerFacade.shutdownInstance(SchedulerFacade.java:128)
But invoked here:
-> at io.elasticjob.lite.internal.instance.ShutdownListenerManager$InstanceShutdownStatusJobListener.dataChanged(ShutdownListenerManager.java:61)

	at io.elasticjob.lite.internal.schedule.SchedulerFacade.shutdownInstance(SchedulerFacade.java:128)
	at io.elasticjob.lite.internal.instance.ShutdownListenerManagerTest.assertIsShutdownAlready(ShutdownListenerManagerTest.java:60)
	at sun.reflect.NativeMethodAccessorImpl.invoke0(Native Method)
	at sun.reflect.NativeMethodAccessorImpl.invoke(NativeMethodAccessorImpl.java:62)
	at sun.reflect.DelegatingMethodAccessorImpl.invoke(DelegatingMethodAccessorImpl.java:43)
	at java.lang.reflect.Method.invoke(Method.java:498)
	at flakyrepro.ProgrammaticReproducer_row15.reproduce(ProgrammaticReproducer_row15.java:47)
	at sun.reflect.NativeMethodAccessorImpl.invoke0(Native Method)
	at sun.reflect.NativeMethodAccessorImpl.invoke(NativeMethodAccessorImpl.java:62)
	at sun.reflect.DelegatingMethodAccessorImpl.invoke(DelegatingMethodAccessorImpl.java:43)
	at java.lang.reflect.Method.invoke(Method.java:498)
	at org.junit.runners.model.FrameworkMethod$1.runReflectiveCall(FrameworkMethod.java:50)
	at org.junit.internal.runners.model.ReflectiveCallable.run(ReflectiveCallable.java:12)
	at org.junit.runners.model.FrameworkMethod.invokeExplosively(FrameworkMethod.java:47)
	at org.junit.internal.runners.statements.InvokeMethod.evaluate(InvokeMethod.java:17)
	at org.junit.runners.ParentRunner.runLeaf(ParentRunner.java:325)
	at org.junit.runners.BlockJUnit4ClassRunner.runChild(BlockJUnit4ClassRunner.java:78)
	at org.junit.runners.BlockJUnit4ClassRunner.runChild(BlockJUnit4ClassRunner.java:57)
	at org.junit.runners.ParentRunner$3.run(ParentRunner.java:290)
	at org.junit.runners.ParentRunner$1.schedule(ParentRunner.java:71)
	at org.junit.runners.ParentRunner.runChildren(ParentRunner.java:288)
	at org.junit.runners.ParentRunner.access$000(ParentRunner.java:58)
	at org.junit.runners.ParentRunner$2.evaluate(ParentRunner.java:268)
	at org.junit.runners.ParentRunner.run(ParentRunner.java:363)
	at org.apache.maven.surefire.junit4.JUnit4Provider.execute(JUnit4Provider.java:367)
	at org.apache.maven.surefire.junit4.JUnit4Provider.executeWithRerun(JUnit4Provider.java:274)
	at org.apache.maven.surefire.junit4.JUnit4Provider.executeTestSet(JUnit4Provider.java:238)
	at org.apache.maven.surefire.junit4.JUnit4Provider.invoke(JUnit4Provider.java:161)
	at org.apache.maven.surefire.booter.ForkedBooter.invokeProviderInSameClassLoader(ForkedBooter.java:290)
	at org.apache.maven.surefire.booter.ForkedBooter.runSuitesInProcess(ForkedBooter.java:242)
	at org.apache.maven.surefire.booter.ForkedBooter.main(ForkedBooter.java:121)


Results :

Failed tests: 
  ProgrammaticReproducer_row15.reproduce:47 
schedulerFacade.shutdownInstance();
Never wanted here:
-> at io.elasticjob.lite.internal.schedule.SchedulerFacade.shutdownInstance(SchedulerFacade.java:128)
But invoked here:
-> at io.elasticjob.lite.internal.instance.ShutdownListenerManager$InstanceShutdownStatusJobListener.dataChanged(ShutdownListenerManager.java:61)


Tests run: 1, Failures: 1, Errors: 0, Skipped: 0

[ERROR] There are test failures.

Please refer to /Users/ekaya/Desktop/testing/flakyRepair/repos/shardingsphere-elasticjob-b022898e/elastic-job-lite-core/target/surefire-reports for the individual test results.
[INFO] ------------------------------------------------------------------------
[INFO] BUILD SUCCESS
[INFO] ------------------------------------------------------------------------
[INFO] Total time:  4.959 s
[INFO] Finished at: 2026-05-03T00:53:19-04:00
[INFO] ------------------------------------------------------------------------


--- COMPILE STEP (prepended) ---
[INFO] Scanning for projects...
[INFO] 
[INFO] ----------------< io.elasticjob:elastic-job-lite-core >-----------------
[INFO] Building elastic-job-lite-core 3.0.0.M1-SNAPSHOT
[INFO]   from pom.xml
[INFO] --------------------------------[ jar ]---------------------------------
[INFO] 
[INFO] --- enforcer:1.4:enforce (enforce-banned-dependencies) @ elastic-job-lite-core ---
[INFO] Skipping Rule Enforcement.
[INFO] 
[INFO] --- resources:2.7:resources (default-resources) @ elastic-job-lite-core ---
[INFO] Using 'UTF-8' encoding to copy filtered resources.
[INFO] skip non existing resourceDirectory /Users/ekaya/Desktop/testing/flakyRepair/repos/shardingsphere-elasticjob-b022898e/elastic-job-lite-core/src/main/resources
[INFO] 
[INFO] --- compiler:3.3:compile (default-compile) @ elastic-job-lite-core ---
[INFO] Nothing to compile - all classes are up to date
[INFO] 
[INFO] --- resources:2.7:testResources (default-testResources) @ elastic-job-lite-core ---
[INFO] Using 'UTF-8' encoding to copy filtered resources.
[INFO] Copying 5 resources
[INFO] 
[INFO] --- compiler:3.3:testCompile (default-testCompile) @ elastic-job-lite-core ---
[INFO] Changes detected - recompiling the module!
[INFO] Compiling 154 source files to /Users/ekaya/Desktop/testing/flakyRepair/repos/shardingsphere-elasticjob-b022898e/elastic-job-lite-core/target/test-classes
[INFO] ------------------------------------------------------------------------
[INFO] BUILD SUCCESS
[INFO] ------------------------------------------------------------------------
[INFO] Total time:  8.959 s
[INFO] Finished at: 2026-05-03T00:53:11-04:00
[INFO] ------------------------------------------------------------------------
