[INFO] Scanning for projects...
[INFO] 
[INFO] ----------------< io.elasticjob:elastic-job-lite-core >-----------------
[INFO] Building elastic-job-lite-core 3.0.0.M1-SNAPSHOT
[INFO]   from pom.xml
[INFO] --------------------------------[ jar ]---------------------------------
[INFO] 
[INFO] --- surefire:2.19.1:test (default-cli) @ elastic-job-lite-core ---

-------------------------------------------------------
 T E S T S
-------------------------------------------------------
OpenJDK 64-Bit Server VM warning: ignoring option UseSplitVerifier; support was removed in 8.0
Running io.elasticjob.lite.internal.instance.ShutdownListenerManagerTest
Tests run: 1, Failures: 0, Errors: 0, Skipped: 0, Time elapsed: 2.417 sec - in io.elasticjob.lite.internal.instance.ShutdownListenerManagerTest

Results :

Tests run: 1, Failures: 0, Errors: 0, Skipped: 0

[INFO] ------------------------------------------------------------------------
[INFO] BUILD SUCCESS
[INFO] ------------------------------------------------------------------------
[INFO] Total time:  4.995 s
[INFO] Finished at: 2026-05-03T00:53:00-04:00
[INFO] ------------------------------------------------------------------------
