[INFO] Scanning for projects...
[INFO] 
[INFO] ---------------< com.openhtmltopdf:openhtmltopdf-slf4j >----------------
[INFO] Building Openhtmltopdf slf4j Support 1.0.5-SNAPSHOT
[INFO]   from pom.xml
[INFO] --------------------------------[ jar ]---------------------------------
[INFO] 
[INFO] --- surefire:3.2.5:test (default-cli) @ openhtmltopdf-slf4j ---
[INFO] Using auto detected provider org.apache.maven.surefire.junit4.JUnit4Provider
[INFO] 
[INFO] -------------------------------------------------------
[INFO]  T E S T S
[INFO] -------------------------------------------------------
[INFO] Running flakyrepro.ProgrammaticReproducer_row14
ERROR:  'The markup in the document preceding the root element must be well-formed.'
[main] [WARN] com.openhtmltopdf.exception - Unhandled exception. Can't load the XML resource (using TRaX transformer). org.xml.sax.SAXParseException; lineNumber: 1; columnNumber: 2; The markup in the document preceding the root element must be well-formed.
javax.xml.transform.TransformerException: org.xml.sax.SAXParseException; lineNumber: 1; columnNumber: 2; The markup in the document preceding the root element must be well-formed.
	at com.sun.org.apache.xalan.internal.xsltc.trax.TransformerImpl.transform(TransformerImpl.java:740)
	at com.sun.org.apache.xalan.internal.xsltc.trax.TransformerImpl.transform(TransformerImpl.java:343)
	at com.openhtmltopdf.resource.XMLResource$XMLResourceBuilder.createXMLResource(XMLResource.java:258)
	at com.openhtmltopdf.resource.XMLResource$XMLResourceBuilder.access$100(XMLResource.java:157)
	at com.openhtmltopdf.resource.XMLResource.load(XMLResource.java:77)
	at com.openhtmltopdf.pdfboxout.PdfBoxRenderer.setDocumentFromStringP(PdfBoxRenderer.java:302)
	at com.openhtmltopdf.pdfboxout.PdfBoxRenderer.<init>(PdfBoxRenderer.java:244)
	at com.openhtmltopdf.pdfboxout.PdfRendererBuilder.buildPdfRenderer(PdfRendererBuilder.java:65)
	at com.openhtmltopdf.pdfboxout.PdfRendererBuilder.run(PdfRendererBuilder.java:40)
	at com.openhtmltopdf.slf4j.Slf4JLoggerTest.runWithLogOutput(Slf4JLoggerTest.java:74)
	at com.openhtmltopdf.slf4j.Slf4JLoggerTest.testLoggerWarnLevel(Slf4JLoggerTest.java:64)
	at sun.reflect.NativeMethodAccessorImpl.invoke0(Native Method)
	at sun.reflect.NativeMethodAccessorImpl.invoke(NativeMethodAccessorImpl.java:62)
	at sun.reflect.DelegatingMethodAccessorImpl.invoke(DelegatingMethodAccessorImpl.java:43)
	at java.lang.reflect.Method.invoke(Method.java:498)
	at flakyrepro.ProgrammaticReproducer_row14.reproduce(ProgrammaticReproducer_row14.java:36)
	at sun.reflect.NativeMethodAccessorImpl.invoke0(Native Method)
	at sun.reflect.NativeMethodAccessorImpl.invoke(NativeMethodAccessorImpl.java:62)
	at sun.reflect.DelegatingMethodAccessorImpl.invoke(DelegatingMethodAccessorImpl.java:43)
	at java.lang.reflect.Method.invoke(Method.java:498)
	at org.junit.runners.model.FrameworkMethod$1.runReflectiveCall(FrameworkMethod.java:50)
	at org.junit.internal.runners.model.ReflectiveCallable.run(ReflectiveCallable.java:12)
	at org.junit.runners.model.FrameworkMethod.invokeExplosively(FrameworkMethod.java:47)
	at org.junit.internal.runners.statements.InvokeMethod.evaluate(InvokeMethod.java:17)
	at org.junit.runners.ParentRunner.runLeaf(ParentRunner.java:325)
	at org.junit.runners.BlockJUnit4ClassRunner.runChild(BlockJUnit4ClassRunner.java:78)
	at org.junit.runners.BlockJUnit4ClassRunner.runChild(BlockJUnit4ClassRunner.java:57)
	at org.junit.runners.ParentRunner$3.run(ParentRunner.java:290)
	at org.junit.runners.ParentRunner$1.schedule(ParentRunner.java:71)
	at org.junit.runners.ParentRunner.runChildren(ParentRunner.java:288)
	at org.junit.runners.ParentRunner.access$000(ParentRunner.java:58)
	at org.junit.runners.ParentRunner$2.evaluate(ParentRunner.java:268)
	at org.junit.runners.ParentRunner.run(ParentRunner.java:363)
	at org.apache.maven.surefire.junit4.JUnit4Provider.execute(JUnit4Provider.java:316)
	at org.apache.maven.surefire.junit4.JUnit4Provider.executeWithRerun(JUnit4Provider.java:240)
	at org.apache.maven.surefire.junit4.JUnit4Provider.executeTestSet(JUnit4Provider.java:214)
	at org.apache.maven.surefire.junit4.JUnit4Provider.invoke(JUnit4Provider.java:155)
	at org.apache.maven.surefire.booter.ForkedBooter.runSuitesInProcess(ForkedBooter.java:385)
	at org.apache.maven.surefire.booter.ForkedBooter.execute(ForkedBooter.java:162)
	at org.apache.maven.surefire.booter.ForkedBooter.run(ForkedBooter.java:507)
	at org.apache.maven.surefire.booter.ForkedBooter.main(ForkedBooter.java:495)
Caused by: org.xml.sax.SAXParseException; lineNumber: 1; columnNumber: 2; The markup in the document preceding the root element must be well-formed.
	at com.sun.org.apache.xerces.internal.parsers.AbstractSAXParser.parse(AbstractSAXParser.java:1239)
	at com.sun.org.apache.xalan.internal.xsltc.trax.TransformerImpl.transformIdentity(TransformerImpl.java:659)
	at com.sun.org.apache.xalan.internal.xsltc.trax.TransformerImpl.transform(TransformerImpl.java:728)
	... 40 more
---------
org.xml.sax.SAXParseException; lineNumber: 1; columnNumber: 2; The markup in the document preceding the root element must be well-formed.
	at com.sun.org.apache.xerces.internal.parsers.AbstractSAXParser.parse(AbstractSAXParser.java:1239)
	at com.sun.org.apache.xalan.internal.xsltc.trax.TransformerImpl.transformIdentity(TransformerImpl.java:659)
	at com.sun.org.apache.xalan.internal.xsltc.trax.TransformerImpl.transform(TransformerImpl.java:728)
	at com.sun.org.apache.xalan.internal.xsltc.trax.TransformerImpl.transform(TransformerImpl.java:343)
	at com.openhtmltopdf.resource.XMLResource$XMLResourceBuilder.createXMLResource(XMLResource.java:258)
	at com.openhtmltopdf.resource.XMLResource$XMLResourceBuilder.access$100(XMLResource.java:157)
	at com.openhtmltopdf.resource.XMLResource.load(XMLResource.java:77)
	at com.openhtmltopdf.pdfboxout.PdfBoxRenderer.setDocumentFromStringP(PdfBoxRenderer.java:302)
	at com.openhtmltopdf.pdfboxout.PdfBoxRenderer.<init>(PdfBoxRenderer.java:244)
	at com.openhtmltopdf.pdfboxout.PdfRendererBuilder.buildPdfRenderer(PdfRendererBuilder.java:65)
	at com.openhtmltopdf.pdfboxout.PdfRendererBuilder.run(PdfRendererBuilder.java:40)
	at com.openhtmltopdf.slf4j.Slf4JLoggerTest.runWithLogOutput(Slf4JLoggerTest.java:74)
	at com.openhtmltopdf.slf4j.Slf4JLoggerTest.testLoggerWarnLevel(Slf4JLoggerTest.java:64)
	at sun.reflect.NativeMethodAccessorImpl.invoke0(Native Method)
	at sun.reflect.NativeMethodAccessorImpl.invoke(NativeMethodAccessorImpl.java:62)
	at sun.reflect.DelegatingMethodAccessorImpl.invoke(DelegatingMethodAccessorImpl.java:43)
	at java.lang.reflect.Method.invoke(Method.java:498)
	at flakyrepro.ProgrammaticReproducer_row14.reproduce(ProgrammaticReproducer_row14.java:36)
	at sun.reflect.NativeMethodAccessorImpl.invoke0(Native Method)
	at sun.reflect.NativeMethodAccessorImpl.invoke(NativeMethodAccessorImpl.java:62)
	at sun.reflect.DelegatingMethodAccessorImpl.invoke(DelegatingMethodAccessorImpl.java:43)
	at java.lang.reflect.Method.invoke(Method.java:498)
	at org.junit.runners.model.FrameworkMethod$1.runReflectiveCall(FrameworkMethod.java:50)
	at org.junit.internal.runners.model.ReflectiveCallable.run(ReflectiveCallable.java:12)
	at org.junit.runners.model.FrameworkMethod.invokeExplosively(FrameworkMethod.java:47)
	at org.junit.internal.runners.statements.InvokeMethod.evaluate(InvokeMethod.java:17)
	at org.junit.runners.ParentRunner.runLeaf(ParentRunner.java:325)
	at org.junit.runners.BlockJUnit4ClassRunner.runChild(BlockJUnit4ClassRunner.java:78)
	at org.junit.runners.BlockJUnit4ClassRunner.runChild(BlockJUnit4ClassRunner.java:57)
	at org.junit.runners.ParentRunner$3.run(ParentRunner.java:290)
	at org.junit.runners.ParentRunner$1.schedule(ParentRunner.java:71)
	at org.junit.runners.ParentRunner.runChildren(ParentRunner.java:288)
	at org.junit.runners.ParentRunner.access$000(ParentRunner.java:58)
	at org.junit.runners.ParentRunner$2.evaluate(ParentRunner.java:268)
	at org.junit.runners.ParentRunner.run(ParentRunner.java:363)
	at org.apache.maven.surefire.junit4.JUnit4Provider.execute(JUnit4Provider.java:316)
	at org.apache.maven.surefire.junit4.JUnit4Provider.executeWithRerun(JUnit4Provider.java:240)
	at org.apache.maven.surefire.junit4.JUnit4Provider.executeTestSet(JUnit4Provider.java:214)
	at org.apache.maven.surefire.junit4.JUnit4Provider.invoke(JUnit4Provider.java:155)
	at org.apache.maven.surefire.booter.ForkedBooter.runSuitesInProcess(ForkedBooter.java:385)
	at org.apache.maven.surefire.booter.ForkedBooter.execute(ForkedBooter.java:162)
	at org.apache.maven.surefire.booter.ForkedBooter.run(ForkedBooter.java:507)
	at org.apache.maven.surefire.booter.ForkedBooter.main(ForkedBooter.java:495)
[main] [WARN] com.openhtmltopdf.exception - Unhandled exception. Can't load the XML resource (using TRaX transformer). org.xml.sax.SAXParseException; lineNumber: 1; columnNumber: 2; The markup in the document preceding the root element must be well-formed.
javax.xml.transform.TransformerException: org.xml.sax.SAXParseException; lineNumber: 1; columnNumber: 2; The markup in the document preceding the root element must be well-formed.
	at com.sun.org.apache.xalan.internal.xsltc.trax.TransformerImpl.transform(TransformerImpl.java:740)
	at com.sun.org.apache.xalan.internal.xsltc.trax.TransformerImpl.transform(TransformerImpl.java:343)
	at com.openhtmltopdf.resource.XMLResource$XMLResourceBuilder.createXMLResource(XMLResource.java:258)
	at com.openhtmltopdf.resource.XMLResource$XMLResourceBuilder.access$100(XMLResource.java:157)
	at com.openhtmltopdf.resource.XMLResource.load(XMLResource.java:77)
	at com.openhtmltopdf.pdfboxout.PdfBoxRenderer.setDocumentFromStringP(PdfBoxRenderer.java:302)
	at com.openhtmltopdf.pdfboxout.PdfBoxRenderer.<init>(PdfBoxRenderer.java:244)
	at com.openhtmltopdf.pdfboxout.PdfRendererBuilder.buildPdfRenderer(PdfRendererBuilder.java:65)
	at com.openhtmltopdf.pdfboxout.PdfRendererBuilder.run(PdfRendererBuilder.java:40)
	at com.openhtmltopdf.slf4j.Slf4JLoggerTest.runWithLogOutput(Slf4JLoggerTest.java:74)
	at com.openhtmltopdf.slf4j.Slf4JLoggerTest.testLogger(Slf4JLoggerTest.java:38)
	at sun.reflect.NativeMethodAccessorImpl.invoke0(Native Method)
	at sun.reflect.NativeMethodAccessorImpl.invoke(NativeMethodAccessorImpl.java:62)
	at sun.reflect.DelegatingMethodAccessorImpl.invoke(DelegatingMethodAccessorImpl.java:43)
	at java.lang.reflect.Method.invoke(Method.java:498)
	at flakyrepro.ProgrammaticReproducer_row14.reproduce(ProgrammaticReproducer_row14.java:47)
	at sun.reflect.NativeMethodAccessorImpl.invoke0(Native Method)
	at sun.reflect.NativeMethodAccessorImpl.invoke(NativeMethodAccessorImpl.java:62)
	at sun.reflect.DelegatingMethodAccessorImpl.invoke(DelegatingMethodAccessorImpl.java:43)
	at java.lang.reflect.Method.invoke(Method.java:498)
	at org.junit.runners.model.FrameworkMethod$1.runReflectiveCall(FrameworkMethod.java:50)
	at org.junit.internal.runners.model.ReflectiveCallable.run(ReflectiveCallable.java:12)
	at org.junit.runners.model.FrameworkMethod.invokeExplosively(FrameworkMethod.java:47)
	at org.junit.internal.runners.statements.InvokeMethod.evaluate(InvokeMethod.java:17)
	at org.junit.runners.ParentRunner.runLeaf(ParentRunner.java:325)
	at org.junit.runners.BlockJUnit4ClassRunner.runChild(BlockJUnit4ClassRunner.java:78)
	at org.junit.runners.BlockJUnit4ClassRunner.runChild(BlockJUnit4ClassRunner.java:57)
	at org.junit.runners.ParentRunner$3.run(ParentRunner.java:290)
	at org.junit.runners.ParentRunner$1.schedule(ParentRunner.java:71)
	at org.junit.runners.ParentRunner.runChildren(ParentRunner.java:288)
	at org.junit.runners.ParentRunner.access$000(ParentRunner.java:58)
	at org.junit.runners.ParentRunner$2.evaluate(ParentRunner.java:268)
	at org.junit.runners.ParentRunner.run(ParentRunner.java:363)
	at org.apache.maven.surefire.junit4.JUnit4Provider.execute(JUnit4Provider.java:316)
	at org.apache.maven.surefire.junit4.JUnit4Provider.executeWithRerun(JUnit4Provider.java:240)
	at org.apache.maven.surefire.junit4.JUnit4Provider.executeTestSet(JUnit4Provider.java:214)
	at org.apache.maven.surefire.junit4.JUnit4Provider.invoke(JUnit4Provider.java:155)
	at org.apache.maven.surefire.booter.ForkedBooter.runSuitesInProcess(ForkedBooter.java:385)
	at org.apache.maven.surefire.booter.ForkedBooter.execute(ForkedBooter.java:162)
	at org.apache.maven.surefire.booter.ForkedBooter.run(ForkedBooter.java:507)
	at org.apache.maven.surefire.booter.ForkedBooter.main(ForkedBooter.java:495)
Caused by: org.xml.sax.SAXParseException; lineNumber: 1; columnNumber: 2; The markup in the document preceding the root element must be well-formed.
	at com.sun.org.apache.xerces.internal.parsers.AbstractSAXParser.parse(AbstractSAXParser.java:1239)
	at com.sun.org.apache.xalan.internal.xsltc.trax.TransformerImpl.transformIdentity(TransformerImpl.java:659)
	at com.sun.org.apache.xalan.internal.xsltc.trax.TransformerImpl.transform(TransformerImpl.java:728)
	... 40 more
---------
org.xml.sax.SAXParseException; lineNumber: 1; columnNumber: 2; The markup in the document preceding the root element must be well-formed.
	at com.sun.org.apache.xerces.internal.parsers.AbstractSAXParser.parse(AbstractSAXParser.java:1239)
	at com.sun.org.apache.xalan.internal.xsltc.trax.TransformerImpl.transformIdentity(TransformerImpl.java:659)
	at com.sun.org.apache.xalan.internal.xsltc.trax.TransformerImpl.transform(TransformerImpl.java:728)
	at com.sun.org.apache.xalan.internal.xsltc.trax.TransformerImpl.transform(TransformerImpl.java:343)
	at com.openhtmltopdf.resource.XMLResource$XMLResourceBuilder.createXMLResource(XMLResource.java:258)
	at com.openhtmltopdf.resource.XMLResource$XMLResourceBuilder.access$100(XMLResource.java:157)
	at com.openhtmltopdf.resource.XMLResource.load(XMLResource.java:77)
	at com.openhtmltopdf.pdfboxout.PdfBoxRenderer.setDocumentFromStringP(PdfBoxRenderer.java:302)
	at com.openhtmltopdf.pdfboxout.PdfBoxRenderer.<init>(PdfBoxRenderer.java:244)
	at com.openhtmltopdf.pdfboxout.PdfRendererBuilder.buildPdfRenderer(PdfRendererBuilder.java:65)
	at com.openhtmltopdf.pdfboxout.PdfRendererBuilder.run(PdfRendererBuilder.java:40)
	at com.openhtmltopdf.slf4j.Slf4JLoggerTest.runWithLogOutput(Slf4JLoggerTest.java:74)
	at com.openhtmltopdf.slf4j.Slf4JLoggerTest.testLogger(Slf4JLoggerTest.java:38)
	at sun.reflect.NativeMethodAccessorImpl.invoke0(Native Method)
	at sun.reflect.NativeMethodAccessorImpl.invoke(NativeMethodAccessorImpl.java:62)
	at sun.reflect.DelegatingMethodAccessorImpl.invoke(DelegatingMethodAccessorImpl.java:43)
	at java.lang.reflect.Method.invoke(Method.java:498)
	at flakyrepro.ProgrammaticReproducer_row14.reproduce(ProgrammaticReproducer_row14.java:47)
	at sun.reflect.NativeMethodAccessorImpl.invoke0(Native Method)
	at sun.reflect.NativeMethodAccessorImpl.invoke(NativeMethodAccessorImpl.java:62)
	at sun.reflect.DelegatingMethodAccessorImpl.invoke(DelegatingMethodAccessorImpl.java:43)
	at java.lang.reflect.Method.invoke(Method.java:498)
	at org.junit.runners.model.FrameworkMethod$1.runReflectiveCall(FrameworkMethod.java:50)
	at org.junit.internal.runners.model.ReflectiveCallable.run(ReflectiveCallable.java:12)
	at org.junit.runners.model.FrameworkMethod.invokeExplosively(FrameworkMethod.java:47)
	at org.junit.internal.runners.statements.InvokeMethod.evaluate(InvokeMethod.java:17)
	at org.junit.runners.ParentRunner.runLeaf(ParentRunner.java:325)
	at org.junit.runners.BlockJUnit4ClassRunner.runChild(BlockJUnit4ClassRunner.java:78)
	at org.junit.runners.BlockJUnit4ClassRunner.runChild(BlockJUnit4ClassRunner.java:57)
	at org.junit.runners.ParentRunner$3.run(ParentRunner.java:290)
	at org.junit.runners.ParentRunner$1.schedule(ParentRunner.java:71)
	at org.junit.runners.ParentRunner.runChildren(ParentRunner.java:288)
	at org.junit.runners.ParentRunner.access$000(ParentRunner.java:58)
	at org.junit.runners.ParentRunner$2.evaluate(ParentRunner.java:268)
	at org.junit.runners.ParentRunner.run(ParentRunner.java:363)
	at org.apache.maven.surefire.junit4.JUnit4Provider.execute(JUnit4Provider.java:316)
	at org.apache.maven.surefire.junit4.JUnit4Provider.executeWithRerun(JUnit4Provider.java:240)
	at org.apache.maven.surefire.junit4.JUnit4Provider.executeTestSet(JUnit4Provider.java:214)
	at org.apache.maven.surefire.junit4.JUnit4Provider.invoke(JUnit4Provider.java:155)
	at org.apache.maven.surefire.booter.ForkedBooter.runSuitesInProcess(ForkedBooter.java:385)
	at org.apache.maven.surefire.booter.ForkedBooter.execute(ForkedBooter.java:162)
	at org.apache.maven.surefire.booter.ForkedBooter.run(ForkedBooter.java:507)
	at org.apache.maven.surefire.booter.ForkedBooter.main(ForkedBooter.java:495)
ERROR:  'The markup in the document preceding the root element must be well-formed.'

[REPRODUCED] row14: AssertionError: 
Expected: a string containing "] [INFO]"
     but: was "ERROR:  'The markup in the document preceding the root element must be well-formed.'
"
[ERROR] Tests run: 1, Failures: 1, Errors: 0, Skipped: 0, Time elapsed: 1.094 s <<< FAILURE! -- in flakyrepro.ProgrammaticReproducer_row14
[ERROR] flakyrepro.ProgrammaticReproducer_row14.reproduce -- Time elapsed: 1.029 s <<< FAILURE!
java.lang.AssertionError: 

Expected: a string containing "] [INFO]"
     but: was "ERROR:  'The markup in the document preceding the root element must be well-formed.'
"
	at org.hamcrest.MatcherAssert.assertThat(MatcherAssert.java:20)
	at org.junit.Assert.assertThat(Assert.java:956)
	at org.junit.Assert.assertThat(Assert.java:923)
	at com.openhtmltopdf.slf4j.Slf4JLoggerTest.testLogger(Slf4JLoggerTest.java:46)
	at sun.reflect.NativeMethodAccessorImpl.invoke0(Native Method)
	at sun.reflect.NativeMethodAccessorImpl.invoke(NativeMethodAccessorImpl.java:62)
	at sun.reflect.DelegatingMethodAccessorImpl.invoke(DelegatingMethodAccessorImpl.java:43)
	at java.lang.reflect.Method.invoke(Method.java:498)
	at flakyrepro.ProgrammaticReproducer_row14.reproduce(ProgrammaticReproducer_row14.java:47)
	at sun.reflect.NativeMethodAccessorImpl.invoke0(Native Method)
	at sun.reflect.NativeMethodAccessorImpl.invoke(NativeMethodAccessorImpl.java:62)
	at sun.reflect.DelegatingMethodAccessorImpl.invoke(DelegatingMethodAccessorImpl.java:43)
	at java.lang.reflect.Method.invoke(Method.java:498)
	at org.junit.runners.model.FrameworkMethod$1.runReflectiveCall(FrameworkMethod.java:50)
	at org.junit.internal.runners.model.ReflectiveCallable.run(ReflectiveCallable.java:12)
	at org.junit.runners.model.FrameworkMethod.invokeExplosively(FrameworkMethod.java:47)
	at org.junit.internal.runners.statements.InvokeMethod.evaluate(InvokeMethod.java:17)
	at org.junit.runners.ParentRunner.runLeaf(ParentRunner.java:325)
	at org.junit.runners.BlockJUnit4ClassRunner.runChild(BlockJUnit4ClassRunner.java:78)
	at org.junit.runners.BlockJUnit4ClassRunner.runChild(BlockJUnit4ClassRunner.java:57)
	at org.junit.runners.ParentRunner$3.run(ParentRunner.java:290)
	at org.junit.runners.ParentRunner$1.schedule(ParentRunner.java:71)
	at org.junit.runners.ParentRunner.runChildren(ParentRunner.java:288)
	at org.junit.runners.ParentRunner.access$000(ParentRunner.java:58)
	at org.junit.runners.ParentRunner$2.evaluate(ParentRunner.java:268)
	at org.junit.runners.ParentRunner.run(ParentRunner.java:363)
	at org.apache.maven.surefire.junit4.JUnit4Provider.execute(JUnit4Provider.java:316)
	at org.apache.maven.surefire.junit4.JUnit4Provider.executeWithRerun(JUnit4Provider.java:240)
	at org.apache.maven.surefire.junit4.JUnit4Provider.executeTestSet(JUnit4Provider.java:214)
	at org.apache.maven.surefire.junit4.JUnit4Provider.invoke(JUnit4Provider.java:155)
	at org.apache.maven.surefire.booter.ForkedBooter.runSuitesInProcess(ForkedBooter.java:385)
	at org.apache.maven.surefire.booter.ForkedBooter.execute(ForkedBooter.java:162)
	at org.apache.maven.surefire.booter.ForkedBooter.run(ForkedBooter.java:507)
	at org.apache.maven.surefire.booter.ForkedBooter.main(ForkedBooter.java:495)

[INFO] 
[INFO] Results:
[INFO] 
[ERROR] Failures: 
[ERROR]   ProgrammaticReproducer_row14.reproduce:47 
Expected: a string containing "] [INFO]"
     but: was "ERROR:  'The markup in the document preceding the root element must be well-formed.'
"
[INFO] 
[ERROR] Tests run: 1, Failures: 1, Errors: 0, Skipped: 0
[INFO] 
[ERROR] There are test failures.

Please refer to /Users/ekaya/Desktop/testing/flakyRepair/repos/openhtmltopdf/openhtmltopdf-slf4j/target/surefire-reports for the individual test results.
Please refer to dump files (if any exist) [date].dump, [date]-jvmRun[N].dump and [date].dumpstream.
[INFO] ------------------------------------------------------------------------
[INFO] BUILD SUCCESS
[INFO] ------------------------------------------------------------------------
[INFO] Total time:  3.796 s
[INFO] Finished at: 2026-05-03T00:52:52-04:00
[INFO] ------------------------------------------------------------------------


--- COMPILE STEP (prepended) ---
[INFO] Scanning for projects...
[INFO] 
[INFO] ---------------< com.openhtmltopdf:openhtmltopdf-slf4j >----------------
[INFO] Building Openhtmltopdf slf4j Support 1.0.5-SNAPSHOT
[INFO]   from pom.xml
[INFO] --------------------------------[ jar ]---------------------------------
[INFO] 
[INFO] --- resources:3.3.1:resources (default-resources) @ openhtmltopdf-slf4j ---
[INFO] Copying 4 resources from .. to target/classes/META-INF
[INFO] 
[INFO] --- compiler:3.3:compile (default-compile) @ openhtmltopdf-slf4j ---
[INFO] Nothing to compile - all classes are up to date
[INFO] 
[INFO] --- bundle:5.1.1:manifest (bundle-manifest) @ openhtmltopdf-slf4j ---
[INFO] 
[INFO] --- resources:3.3.1:testResources (default-testResources) @ openhtmltopdf-slf4j ---
[INFO] skip non existing resourceDirectory /Users/ekaya/Desktop/testing/flakyRepair/repos/openhtmltopdf/openhtmltopdf-slf4j/src/test/resources
[INFO] 
[INFO] --- compiler:3.3:testCompile (default-testCompile) @ openhtmltopdf-slf4j ---
[INFO] Changes detected - recompiling the module!
[INFO] Compiling 2 source files to /Users/ekaya/Desktop/testing/flakyRepair/repos/openhtmltopdf/openhtmltopdf-slf4j/target/test-classes
[INFO] ------------------------------------------------------------------------
[INFO] BUILD SUCCESS
[INFO] ------------------------------------------------------------------------
[INFO] Total time:  5.022 s
[INFO] Finished at: 2026-05-03T00:52:46-04:00
[INFO] ------------------------------------------------------------------------
