[INFO] Scanning for projects...
[INFO] 
[INFO] --< org.apache.shardingsphere.elasticjob:elasticjob-cloud-scheduler >---
[INFO] Building elasticjob-cloud-scheduler 3.0.0-RC1-SNAPSHOT
[INFO] --------------------------------[ jar ]---------------------------------
[INFO] 
[INFO] --- maven-surefire-plugin:2.19.1:test (default-cli) @ elasticjob-cloud-scheduler ---

-------------------------------------------------------
 T E S T S
-------------------------------------------------------
Running flakyrepro.ProgrammaticReproducer_row17
[REPRODUCED] row17: AssertionError: null
Tests run: 1, Failures: 1, Errors: 0, Skipped: 0, Time elapsed: 0.33 sec <<< FAILURE! - in flakyrepro.ProgrammaticReproducer_row17
reproduce(flakyrepro.ProgrammaticReproducer_row17)  Time elapsed: 0.255 sec  <<< FAILURE!
java.lang.AssertionError
	at org.junit.Assert.fail(Assert.java:86)
	at org.junit.Assert.assertTrue(Assert.java:41)
	at org.junit.Assert.assertFalse(Assert.java:64)
	at org.junit.Assert.assertFalse(Assert.java:74)
	at org.apache.shardingsphere.elasticjob.cloud.scheduler.env.BootstrapEnvironmentTest.assertWithoutEventTraceRdbConfiguration(BootstrapEnvironmentTest.java:82)
	at sun.reflect.NativeMethodAccessorImpl.invoke0(Native Method)
	at sun.reflect.NativeMethodAccessorImpl.invoke(NativeMethodAccessorImpl.java:62)
	at sun.reflect.DelegatingMethodAccessorImpl.invoke(DelegatingMethodAccessorImpl.java:43)
	at java.lang.reflect.Method.invoke(Method.java:498)
	at flakyrepro.ProgrammaticReproducer_row17.reproduce(ProgrammaticReproducer_row17.java:47)
	at sun.reflect.NativeMethodAccessorImpl.invoke0(Native Method)
	at sun.reflect.NativeMethodAccessorImpl.invoke(NativeMethodAccessorImpl.java:62)
	at sun.reflect.DelegatingMethodAccessorImpl.invoke(DelegatingMethodAccessorImpl.java:43)
	at java.lang.reflect.Method.invoke(Method.java:498)
	at org.junit.runners.model.FrameworkMethod$1.runReflectiveCall(FrameworkMethod.java:50)
	at org.junit.internal.runners.model.ReflectiveCallable.run(ReflectiveCallable.java:12)
	at org.junit.runners.model.FrameworkMethod.invokeExplosively(FrameworkMethod.java:47)
	at org.junit.internal.runners.statements.InvokeMethod.evaluate(InvokeMethod.java:17)
	at org.junit.runners.ParentRunner.runLeaf(ParentRunner.java:325)
	at org.junit.runners.BlockJUnit4ClassRunner.runChild(BlockJUnit4ClassRunner.java:78)
	at org.junit.runners.BlockJUnit4ClassRunner.runChild(BlockJUnit4ClassRunner.java:57)
	at org.junit.runners.ParentRunner$3.run(ParentRunner.java:290)
	at org.junit.runners.ParentRunner$1.schedule(ParentRunner.java:71)
	at org.junit.runners.ParentRunner.runChildren(ParentRunner.java:288)
	at org.junit.runners.ParentRunner.access$000(ParentRunner.java:58)
	at org.junit.runners.ParentRunner$2.evaluate(ParentRunner.java:268)
	at org.junit.runners.ParentRunner.run(ParentRunner.java:363)
	at org.apache.maven.surefire.junit4.JUnit4Provider.execute(JUnit4Provider.java:367)
	at org.apache.maven.surefire.junit4.JUnit4Provider.executeWithRerun(JUnit4Provider.java:274)
	at org.apache.maven.surefire.junit4.JUnit4Provider.executeTestSet(JUnit4Provider.java:238)
	at org.apache.maven.surefire.junit4.JUnit4Provider.invoke(JUnit4Provider.java:161)
	at org.apache.maven.surefire.booter.ForkedBooter.invokeProviderInSameClassLoader(ForkedBooter.java:290)
	at org.apache.maven.surefire.booter.ForkedBooter.runSuitesInProcess(ForkedBooter.java:242)
	at org.apache.maven.surefire.booter.ForkedBooter.main(ForkedBooter.java:121)


Results :

Failed tests: 
  ProgrammaticReproducer_row17.reproduce:47

Tests run: 1, Failures: 1, Errors: 0, Skipped: 0

[ERROR] There are test failures.

Please refer to /Users/ekaya/Desktop/testing/flakyRepair/repos/shardingsphere-elasticjob-bdfcaff0/elasticjob-cloud/elasticjob-cloud-scheduler/target/surefire-reports for the individual test results.
[INFO] ------------------------------------------------------------------------
[INFO] BUILD SUCCESS
[INFO] ------------------------------------------------------------------------
[INFO] Total time:  5.015 s
[INFO] Finished at: 2026-05-03T00:54:10-04:00
[INFO] ------------------------------------------------------------------------


--- COMPILE STEP (prepended) ---
[INFO] Scanning for projects...
[INFO] 
[INFO] --< org.apache.shardingsphere.elasticjob:elasticjob-cloud-scheduler >---
[INFO] Building elasticjob-cloud-scheduler 3.0.0-RC1-SNAPSHOT
[INFO] --------------------------------[ jar ]---------------------------------
[INFO] 
[INFO] --- maven-enforcer-plugin:1.4:enforce (enforce-maven-version) @ elasticjob-cloud-scheduler ---
[INFO] Skipping Rule Enforcement.
[INFO] 
[INFO] --- maven-enforcer-plugin:1.4:enforce (enforce-banned-dependencies) @ elasticjob-cloud-scheduler ---
[INFO] Skipping Rule Enforcement.
[INFO] 
[INFO] --- maven-checkstyle-plugin:3.1.0:check (validate) @ elasticjob-cloud-scheduler ---
[INFO] 
[INFO] --- jacoco-maven-plugin:0.8.5:prepare-agent (default) @ elasticjob-cloud-scheduler ---
[INFO] Skipping JaCoCo execution because property jacoco.skip is set.
[INFO] argLine set to empty
[INFO] 
[INFO] --- maven-remote-resources-plugin:1.5:process (process-resource-bundles) @ elasticjob-cloud-scheduler ---
[INFO] 
[INFO] --- maven-resources-plugin:2.7:resources (default-resources) @ elasticjob-cloud-scheduler ---
[INFO] Using 'UTF-8' encoding to copy filtered resources.
[INFO] Copying 3 resources
[INFO] Copying 3 resources
[INFO] 
[INFO] --- flatten-maven-plugin:1.2.5:flatten (flatten) @ elasticjob-cloud-scheduler ---
[INFO] Generating flattened POM of project org.apache.shardingsphere.elasticjob:elasticjob-cloud-scheduler:jar:3.0.0-RC1-SNAPSHOT...
[INFO] 
[INFO] --- maven-compiler-plugin:3.3:compile (default-compile) @ elasticjob-cloud-scheduler ---
[INFO] Nothing to compile - all classes are up to date
[INFO] 
[INFO] --- maven-resources-plugin:2.7:testResources (default-testResources) @ elasticjob-cloud-scheduler ---
[INFO] Using 'UTF-8' encoding to copy filtered resources.
[INFO] Copying 1 resource
[INFO] Copying 3 resources
[INFO] 
[INFO] --- maven-compiler-plugin:3.3:testCompile (default-testCompile) @ elasticjob-cloud-scheduler ---
[INFO] Changes detected - recompiling the module!
[INFO] Compiling 66 source files to /Users/ekaya/Desktop/testing/flakyRepair/repos/shardingsphere-elasticjob-bdfcaff0/elasticjob-cloud/elasticjob-cloud-scheduler/target/test-classes
[INFO] /Users/ekaya/Desktop/testing/flakyRepair/repos/shardingsphere-elasticjob-bdfcaff0/elasticjob-cloud/elasticjob-cloud-scheduler/src/test/java/org/apache/shardingsphere/elasticjob/cloud/scheduler/mesos/TaskLaunchScheduledServiceTest.java: /Users/ekaya/Desktop/testing/flakyRepair/repos/shardingsphere-elasticjob-bdfcaff0/elasticjob-cloud/elasticjob-cloud-scheduler/src/test/java/org/apache/shardingsphere/elasticjob/cloud/scheduler/mesos/TaskLaunchScheduledServiceTest.java uses unchecked or unsafe operations.
[INFO] /Users/ekaya/Desktop/testing/flakyRepair/repos/shardingsphere-elasticjob-bdfcaff0/elasticjob-cloud/elasticjob-cloud-scheduler/src/test/java/org/apache/shardingsphere/elasticjob/cloud/scheduler/mesos/TaskLaunchScheduledServiceTest.java: Recompile with -Xlint:unchecked for details.
[INFO] ------------------------------------------------------------------------
[INFO] BUILD SUCCESS
[INFO] ------------------------------------------------------------------------
[INFO] Total time:  15.444 s
[INFO] Finished at: 2026-05-03T00:54:03-04:00
[INFO] ------------------------------------------------------------------------
