[INFO] Scanning for projects...
[INFO] 
[INFO] --< org.apache.shardingsphere.elasticjob:elasticjob-cloud-scheduler >---
[INFO] Building elasticjob-cloud-scheduler 3.0.0-RC1-SNAPSHOT
[INFO] --------------------------------[ jar ]---------------------------------
[INFO] 
[INFO] --- maven-surefire-plugin:2.19.1:test (default-cli) @ elasticjob-cloud-scheduler ---

-------------------------------------------------------
 T E S T S
-------------------------------------------------------
Running flakyrepro.ProgrammaticReproducer_row13
[REPRODUCED] row13: JsonParseException: null
Tests run: 1, Failures: 0, Errors: 1, Skipped: 0, Time elapsed: 2.444 sec <<< FAILURE! - in flakyrepro.ProgrammaticReproducer_row13
reproduce(flakyrepro.ProgrammaticReproducer_row13)  Time elapsed: 2.369 sec  <<< ERROR!
com.google.gson.JsonParseException


Results :

Tests in error: 
  ProgrammaticReproducer_row13.reproduce » JsonParse

Tests run: 1, Failures: 0, Errors: 1, Skipped: 0

[ERROR] There are test failures.

Please refer to /Users/ekaya/Desktop/testing/flakyRepair/repos/shardingsphere-elasticjob-bdfcaff0/elasticjob-cloud/elasticjob-cloud-scheduler/target/surefire-reports for the individual test results.
[INFO] ------------------------------------------------------------------------
[INFO] BUILD SUCCESS
[INFO] ------------------------------------------------------------------------
[INFO] Total time:  6.645 s
[INFO] Finished at: 2026-05-03T00:52:30-04:00
[INFO] ------------------------------------------------------------------------


--- COMPILE STEP (prepended) ---
[INFO] Scanning for projects...
[INFO] 
[INFO] --< org.apache.shardingsphere.elasticjob:elasticjob-cloud-scheduler >---
[INFO] Building elasticjob-cloud-scheduler 3.0.0-RC1-SNAPSHOT
[INFO] --------------------------------[ jar ]---------------------------------
[INFO] 
[INFO] --- maven-enforcer-plugin:1.4:enforce (enforce-maven-version) @ elasticjob-cloud-scheduler ---
[INFO] Skipping Rule Enforcement.
[INFO] 
[INFO] --- maven-enforcer-plugin:1.4:enforce (enforce-banned-dependencies) @ elasticjob-cloud-scheduler ---
[INFO] Skipping Rule Enforcement.
[INFO] 
[INFO] --- maven-checkstyle-plugin:3.1.0:check (validate) @ elasticjob-cloud-scheduler ---
[INFO] 
[INFO] --- jacoco-maven-plugin:0.8.5:prepare-agent (default) @ elasticjob-cloud-scheduler ---
[INFO] Skipping JaCoCo execution because property jacoco.skip is set.
[INFO] argLine set to empty
[INFO] 
[INFO] --- maven-remote-resources-plugin:1.5:process (process-resource-bundles) @ elasticjob-cloud-scheduler ---
[INFO] 
[INFO] --- maven-resources-plugin:2.7:resources (default-resources) @ elasticjob-cloud-scheduler ---
[INFO] Using 'UTF-8' encoding to copy filtered resources.
[INFO] Copying 3 resources
[INFO] Copying 3 resources
[INFO] 
[INFO] --- flatten-maven-plugin:1.2.5:flatten (flatten) @ elasticjob-cloud-scheduler ---
[INFO] Generating flattened POM of project org.apache.shardingsphere.elasticjob:elasticjob-cloud-scheduler:jar:3.0.0-RC1-SNAPSHOT...
[INFO] 
[INFO] --- maven-compiler-plugin:3.3:compile (default-compile) @ elasticjob-cloud-scheduler ---
[INFO] Nothing to compile - all classes are up to date
[INFO] 
[INFO] --- maven-resources-plugin:2.7:testResources (default-testResources) @ elasticjob-cloud-scheduler ---
[INFO] Using 'UTF-8' encoding to copy filtered resources.
[INFO] Copying 1 resource
[INFO] Copying 3 resources
[INFO] 
[INFO] --- maven-compiler-plugin:3.3:testCompile (default-testCompile) @ elasticjob-cloud-scheduler ---
[INFO] Changes detected - recompiling the module!
[INFO] Compiling 66 source files to /Users/ekaya/Desktop/testing/flakyRepair/repos/shardingsphere-elasticjob-bdfcaff0/elasticjob-cloud/elasticjob-cloud-scheduler/target/test-classes
[INFO] /Users/ekaya/Desktop/testing/flakyRepair/repos/shardingsphere-elasticjob-bdfcaff0/elasticjob-cloud/elasticjob-cloud-scheduler/src/test/java/org/apache/shardingsphere/elasticjob/cloud/scheduler/mesos/TaskLaunchScheduledServiceTest.java: /Users/ekaya/Desktop/testing/flakyRepair/repos/shardingsphere-elasticjob-bdfcaff0/elasticjob-cloud/elasticjob-cloud-scheduler/src/test/java/org/apache/shardingsphere/elasticjob/cloud/scheduler/mesos/TaskLaunchScheduledServiceTest.java uses unchecked or unsafe operations.
[INFO] /Users/ekaya/Desktop/testing/flakyRepair/repos/shardingsphere-elasticjob-bdfcaff0/elasticjob-cloud/elasticjob-cloud-scheduler/src/test/java/org/apache/shardingsphere/elasticjob/cloud/scheduler/mesos/TaskLaunchScheduledServiceTest.java: Recompile with -Xlint:unchecked for details.
[INFO] ------------------------------------------------------------------------
[INFO] BUILD SUCCESS
[INFO] ------------------------------------------------------------------------
[INFO] Total time:  15.654 s
[INFO] Finished at: 2026-05-03T00:52:21-04:00
[INFO] ------------------------------------------------------------------------
