[INFO] Scanning for projects...
[INFO] 
[INFO] --< org.apache.shardingsphere.elasticjob:elasticjob-cloud-scheduler >---
[INFO] Building elasticjob-cloud-scheduler 3.0.0-RC1-SNAPSHOT
[INFO] --------------------------------[ jar ]---------------------------------
[INFO] 
[INFO] --- maven-surefire-plugin:2.19.1:test (default-cli) @ elasticjob-cloud-scheduler ---

-------------------------------------------------------
 T E S T S
-------------------------------------------------------
Running org.apache.shardingsphere.elasticjob.cloud.scheduler.mesos.AppConstraintEvaluatorTest
Tests run: 1, Failures: 0, Errors: 0, Skipped: 0, Time elapsed: 2.7 sec - in org.apache.shardingsphere.elasticjob.cloud.scheduler.mesos.AppConstraintEvaluatorTest

Results :

Tests run: 1, Failures: 0, Errors: 0, Skipped: 0

[INFO] ------------------------------------------------------------------------
[INFO] BUILD SUCCESS
[INFO] ------------------------------------------------------------------------
[INFO] Total time:  7.292 s
[INFO] Finished at: 2026-05-03T00:52:04-04:00
[INFO] ------------------------------------------------------------------------
