[INFO] Scanning for projects...
[INFO] 
[INFO] ------------------< io.dropwizard:dropwizard-logging >------------------
[INFO] Building Dropwizard Logging Support 2.0.0-rc1-SNAPSHOT
[INFO] --------------------------------[ jar ]---------------------------------
[INFO] 
[INFO] --- maven-surefire-plugin:2.22.0:test (default-cli) @ dropwizard-logging ---
[INFO] 
[INFO] -------------------------------------------------------
[INFO]  T E S T S
[INFO] -------------------------------------------------------
[INFO] Running io.dropwizard.logging.DefaultLoggingFactoryPrintErrorMessagesTest
[INFO] Tests run: 1, Failures: 0, Errors: 0, Skipped: 0, Time elapsed: 0.192 s - in io.dropwizard.logging.DefaultLoggingFactoryPrintErrorMessagesTest
[INFO] 
[INFO] Results:
[INFO] 
[INFO] Tests run: 1, Failures: 0, Errors: 0, Skipped: 0
[INFO] 
[INFO] ------------------------------------------------------------------------
[INFO] BUILD SUCCESS
[INFO] ------------------------------------------------------------------------
[INFO] Total time: 4.451 s
[INFO] Finished at: 2026-05-03T00:57:37-04:00
[INFO] ------------------------------------------------------------------------
