[INFO] Scanning for projects...
[INFO] 
[INFO] ------------------< io.dropwizard:dropwizard-logging >------------------
[INFO] Building Dropwizard Logging Support 2.0.0-rc1-SNAPSHOT
[INFO] --------------------------------[ jar ]---------------------------------
[INFO] 
[INFO] --- maven-surefire-plugin:2.22.0:test (default-cli) @ dropwizard-logging ---
[INFO] 
[INFO] -------------------------------------------------------
[INFO]  T E S T S
[INFO] -------------------------------------------------------
[INFO] Running flakyrepro.DiffClassReproducer_row28
[REPRODUCED] row28: AssertionError: 
Expecting:
 <org.apache.maven.surefire.report.ConsoleOutputCapture$ForwardingPrintStream@2a8d39c4>
and actual:
 <java.io.PrintStream@72758afa>
to refer to the same object
[ERROR] Tests run: 1, Failures: 1, Errors: 0, Skipped: 0, Time elapsed: 2.145 s <<< FAILURE! - in flakyrepro.DiffClassReproducer_row28
[ERROR] reproduce(flakyrepro.DiffClassReproducer_row28)  Time elapsed: 2.086 s  <<< FAILURE!
java.lang.AssertionError: 

Expecting:
 <org.apache.maven.surefire.report.ConsoleOutputCapture$ForwardingPrintStream@2a8d39c4>
and actual:
 <java.io.PrintStream@72758afa>
to refer to the same object
	at io.dropwizard.logging.DefaultLoggingFactoryPrintErrorMessagesTest.testLogbackStatusPrinterPrintStreamIsRestoredToSystemOut(DefaultLoggingFactoryPrintErrorMessagesTest.java:104)
	at sun.reflect.NativeMethodAccessorImpl.invoke0(Native Method)
	at sun.reflect.NativeMethodAccessorImpl.invoke(NativeMethodAccessorImpl.java:62)
	at sun.reflect.DelegatingMethodAccessorImpl.invoke(DelegatingMethodAccessorImpl.java:43)
	at java.lang.reflect.Method.invoke(Method.java:498)
	at flakyrepro.DiffClassReproducer_row28.reproduce(DiffClassReproducer_row28.java:43)
	at sun.reflect.NativeMethodAccessorImpl.invoke0(Native Method)
	at sun.reflect.NativeMethodAccessorImpl.invoke(NativeMethodAccessorImpl.java:62)
	at sun.reflect.DelegatingMethodAccessorImpl.invoke(DelegatingMethodAccessorImpl.java:43)
	at java.lang.reflect.Method.invoke(Method.java:498)
	at org.junit.runners.model.FrameworkMethod$1.runReflectiveCall(FrameworkMethod.java:50)
	at org.junit.internal.runners.model.ReflectiveCallable.run(ReflectiveCallable.java:12)
	at org.junit.runners.model.FrameworkMethod.invokeExplosively(FrameworkMethod.java:47)
	at org.junit.internal.runners.statements.InvokeMethod.evaluate(InvokeMethod.java:17)
	at org.junit.runners.ParentRunner.runLeaf(ParentRunner.java:325)
	at org.junit.runners.BlockJUnit4ClassRunner.runChild(BlockJUnit4ClassRunner.java:78)
	at org.junit.runners.BlockJUnit4ClassRunner.runChild(BlockJUnit4ClassRunner.java:57)
	at org.junit.runners.ParentRunner$3.run(ParentRunner.java:290)
	at org.junit.runners.ParentRunner$1.schedule(ParentRunner.java:71)
	at org.junit.runners.ParentRunner.runChildren(ParentRunner.java:288)
	at org.junit.runners.ParentRunner.access$000(ParentRunner.java:58)
	at org.junit.runners.ParentRunner$2.evaluate(ParentRunner.java:268)
	at org.junit.runners.ParentRunner.run(ParentRunner.java:363)
	at org.apache.maven.surefire.junit4.JUnit4Provider.execute(JUnit4Provider.java:365)
	at org.apache.maven.surefire.junit4.JUnit4Provider.executeWithRerun(JUnit4Provider.java:273)
	at org.apache.maven.surefire.junit4.JUnit4Provider.executeTestSet(JUnit4Provider.java:238)
	at org.apache.maven.surefire.junit4.JUnit4Provider.invoke(JUnit4Provider.java:159)
	at org.apache.maven.surefire.booter.ForkedBooter.invokeProviderInSameClassLoader(ForkedBooter.java:383)
	at org.apache.maven.surefire.booter.ForkedBooter.runSuitesInProcess(ForkedBooter.java:344)
	at org.apache.maven.surefire.booter.ForkedBooter.execute(ForkedBooter.java:125)
	at org.apache.maven.surefire.booter.ForkedBooter.main(ForkedBooter.java:417)

[INFO] 
[INFO] Results:
[INFO] 
[ERROR] Failures: 
[ERROR]   DiffClassReproducer_row28.reproduce:43 
Expecting:
 <org.apache.maven.surefire.report.ConsoleOutputCapture$ForwardingPrintStream@2a8d39c4>
and actual:
 <java.io.PrintStream@72758afa>
to refer to the same object
[INFO] 
[ERROR] Tests run: 1, Failures: 1, Errors: 0, Skipped: 0
[INFO] 
[ERROR] There are test failures.

Please refer to /Users/ekaya/Desktop/testing/flakyRepair/repos/dropwizard/dropwizard-logging/target/surefire-reports for the individual test results.
Please refer to dump files (if any exist) [date]-jvmRun[N].dump, [date].dumpstream and [date]-jvmRun[N].dumpstream.
[INFO] ------------------------------------------------------------------------
[INFO] BUILD SUCCESS
[INFO] ------------------------------------------------------------------------
[INFO] Total time: 6.292 s
[INFO] Finished at: 2026-05-03T00:57:59-04:00
[INFO] ------------------------------------------------------------------------


--- COMPILE STEP (prepended) ---
[INFO] Scanning for projects...
[INFO] 
[INFO] ------------------< io.dropwizard:dropwizard-logging >------------------
[INFO] Building Dropwizard Logging Support 2.0.0-rc1-SNAPSHOT
[INFO] --------------------------------[ jar ]---------------------------------
[INFO] 
[INFO] --- maven-enforcer-plugin:1.4.1:enforce (enforce) @ dropwizard-logging ---
[INFO] Skipping Rule Enforcement.
[INFO] 
[INFO] --- maven-checkstyle-plugin:3.0.0:check (checkstyle) @ dropwizard-logging ---
[INFO] 
[INFO] --- maven-resources-plugin:3.1.0:resources (default-resources) @ dropwizard-logging ---
[INFO] Using 'UTF-8' encoding to copy filtered resources.
[INFO] Copying 3 resources
[INFO] 
[INFO] --- maven-compiler-plugin:3.8.0:compile (default-compile) @ dropwizard-logging ---
[INFO] Nothing to compile - all classes are up to date
[INFO] 
[INFO] --- maven-resources-plugin:3.1.0:testResources (default-testResources) @ dropwizard-logging ---
[INFO] Using 'UTF-8' encoding to copy filtered resources.
[INFO] Copying 26 resources
[INFO] 
[INFO] --- maven-compiler-plugin:3.8.0:testCompile (default-testCompile) @ dropwizard-logging ---
[INFO] Changes detected - recompiling the module!
[INFO] Compiling 23 source files to /Users/ekaya/Desktop/testing/flakyRepair/repos/dropwizard/dropwizard-logging/target/test-classes
[WARNING] /Users/ekaya/Desktop/testing/flakyRepair/repos/dropwizard/dropwizard-logging/src/test/java/io/dropwizard/logging/TcpServer.java:[84,13] [CatchAndPrintStackTrace] Logging or rethrowing exceptions should usually be preferred to catching and calling printStackTrace
    (see http://errorprone.info/bugpattern/CatchAndPrintStackTrace)
[WARNING] /Users/ekaya/Desktop/testing/flakyRepair/repos/dropwizard/dropwizard-logging/src/test/java/io/dropwizard/logging/UdpSocketAppenderFactoryTest.java:[51,21] [CatchAndPrintStackTrace] Logging or rethrowing exceptions should usually be preferred to catching and calling printStackTrace
    (see http://errorprone.info/bugpattern/CatchAndPrintStackTrace)
[INFO] ------------------------------------------------------------------------
[INFO] BUILD SUCCESS
[INFO] ------------------------------------------------------------------------
[INFO] Total time: 11.444 s
[INFO] Finished at: 2026-05-03T00:57:51-04:00
[INFO] ------------------------------------------------------------------------
