[INFO] Scanning for projects...
[INFO] 
[INFO] --------------------< org.wikidata.wdtk:wdtk-util >---------------------
[INFO] Building Wikidata Toolkit Utilities 0.9.0
[INFO]   from pom.xml
[INFO] --------------------------------[ jar ]---------------------------------
[INFO] 
[INFO] --- surefire:3.2.5:test (default-cli) @ wdtk-util ---
[INFO] Using auto detected provider org.apache.maven.surefire.junit4.JUnit4Provider
[INFO] 
[INFO] -------------------------------------------------------
[INFO]  T E S T S
[INFO] -------------------------------------------------------
[INFO] Running flakyrepro.ProgrammaticReproducer_row24
[REPRODUCED] row24: RuntimeException: java.lang.NoSuchMethodException: org.wikidata.wdtk.util.DirectoryManagerFactoryTest$TestDirectoryManager.<init>(java.nio.file.Path, java.lang.Boolean)
[ERROR] Tests run: 1, Failures: 0, Errors: 1, Skipped: 0, Time elapsed: 0.084 s <<< FAILURE! -- in flakyrepro.ProgrammaticReproducer_row24
[ERROR] flakyrepro.ProgrammaticReproducer_row24.reproduce -- Time elapsed: 0.033 s <<< ERROR!
java.lang.RuntimeException: java.lang.NoSuchMethodException: org.wikidata.wdtk.util.DirectoryManagerFactoryTest$TestDirectoryManager.<init>(java.nio.file.Path, java.lang.Boolean)
	at org.wikidata.wdtk.util.DirectoryManagerFactory.createDirectoryManager(DirectoryManagerFactory.java:74)
	at org.wikidata.wdtk.util.DirectoryManagerFactory.createDirectoryManager(DirectoryManagerFactory.java:99)
	at org.wikidata.wdtk.util.DirectoryManagerFactoryTest.createDirectoryManagerIoException(DirectoryManagerFactoryTest.java:124)
	at sun.reflect.NativeMethodAccessorImpl.invoke0(Native Method)
	at sun.reflect.NativeMethodAccessorImpl.invoke(NativeMethodAccessorImpl.java:62)
	at sun.reflect.DelegatingMethodAccessorImpl.invoke(DelegatingMethodAccessorImpl.java:43)
	at java.lang.reflect.Method.invoke(Method.java:498)
	at flakyrepro.ProgrammaticReproducer_row24.reproduce(ProgrammaticReproducer_row24.java:67)
	at sun.reflect.NativeMethodAccessorImpl.invoke0(Native Method)
	at sun.reflect.NativeMethodAccessorImpl.invoke(NativeMethodAccessorImpl.java:62)
	at sun.reflect.DelegatingMethodAccessorImpl.invoke(DelegatingMethodAccessorImpl.java:43)
	at java.lang.reflect.Method.invoke(Method.java:498)
	at org.junit.runners.model.FrameworkMethod$1.runReflectiveCall(FrameworkMethod.java:50)
	at org.junit.internal.runners.model.ReflectiveCallable.run(ReflectiveCallable.java:12)
	at org.junit.runners.model.FrameworkMethod.invokeExplosively(FrameworkMethod.java:47)
	at org.junit.internal.runners.statements.InvokeMethod.evaluate(InvokeMethod.java:17)
	at org.junit.runners.ParentRunner.runLeaf(ParentRunner.java:325)
	at org.junit.runners.BlockJUnit4ClassRunner.runChild(BlockJUnit4ClassRunner.java:78)
	at org.junit.runners.BlockJUnit4ClassRunner.runChild(BlockJUnit4ClassRunner.java:57)
	at org.junit.runners.ParentRunner$3.run(ParentRunner.java:290)
	at org.junit.runners.ParentRunner$1.schedule(ParentRunner.java:71)
	at org.junit.runners.ParentRunner.runChildren(ParentRunner.java:288)
	at org.junit.runners.ParentRunner.access$000(ParentRunner.java:58)
	at org.junit.runners.ParentRunner$2.evaluate(ParentRunner.java:268)
	at org.junit.runners.ParentRunner.run(ParentRunner.java:363)
	at org.apache.maven.surefire.junit4.JUnit4Provider.execute(JUnit4Provider.java:316)
	at org.apache.maven.surefire.junit4.JUnit4Provider.executeWithRerun(JUnit4Provider.java:240)
	at org.apache.maven.surefire.junit4.JUnit4Provider.executeTestSet(JUnit4Provider.java:214)
	at org.apache.maven.surefire.junit4.JUnit4Provider.invoke(JUnit4Provider.java:155)
	at org.apache.maven.surefire.booter.ForkedBooter.runSuitesInProcess(ForkedBooter.java:385)
	at org.apache.maven.surefire.booter.ForkedBooter.execute(ForkedBooter.java:162)
	at org.apache.maven.surefire.booter.ForkedBooter.run(ForkedBooter.java:507)
	at org.apache.maven.surefire.booter.ForkedBooter.main(ForkedBooter.java:495)
Caused by: java.lang.NoSuchMethodException: org.wikidata.wdtk.util.DirectoryManagerFactoryTest$TestDirectoryManager.<init>(java.nio.file.Path, java.lang.Boolean)
	at java.lang.Class.getConstructor0(Class.java:3082)
	at java.lang.Class.getConstructor(Class.java:1825)
	at org.wikidata.wdtk.util.DirectoryManagerFactory.createDirectoryManager(DirectoryManagerFactory.java:69)
	... 32 more

[INFO] 
[INFO] Results:
[INFO] 
[ERROR] Errors: 
[ERROR]   ProgrammaticReproducer_row24.reproduce:67 » Runtime java.lang.NoSuchMethodException: org.wikidata.wdtk.util.DirectoryManagerFactoryTest$TestDirectoryManager.<init>(java.nio.file.Path, java.lang.Boolean)
[INFO] 
[ERROR] Tests run: 1, Failures: 0, Errors: 1, Skipped: 0
[INFO] 
[ERROR] 

Please refer to /Users/ekaya/Desktop/testing/flakyRepair/repos/wikidata-toolkit/wdtk-util/target/surefire-reports for the individual test results.
Please refer to dump files (if any exist) [date].dump, [date]-jvmRun[N].dump and [date].dumpstream.
[INFO] ------------------------------------------------------------------------
[INFO] BUILD SUCCESS
[INFO] ------------------------------------------------------------------------
[INFO] Total time:  2.196 s
[INFO] Finished at: 2026-05-03T00:56:18-04:00
[INFO] ------------------------------------------------------------------------


--- COMPILE STEP (prepended) ---
[INFO] Scanning for projects...
[INFO] 
[INFO] --------------------< org.wikidata.wdtk:wdtk-util >---------------------
[INFO] Building Wikidata Toolkit Utilities 0.9.0
[INFO]   from pom.xml
[INFO] --------------------------------[ jar ]---------------------------------
[INFO] 
[INFO] --- license:1.6:update-file-header (first) @ wdtk-util ---
[INFO] Will search files to update from root /Users/ekaya/Desktop/testing/flakyRepair/repos/wikidata-toolkit/wdtk-util/src/main/java
[INFO] Will search files to update from root /Users/ekaya/Desktop/testing/flakyRepair/repos/wikidata-toolkit/wdtk-util/src/test/java
[INFO]  - adding license header on file /Users/ekaya/Desktop/testing/flakyRepair/repos/wikidata-toolkit/wdtk-util/src/test/java/flakyrepro/ProgrammaticReproducer_row24.java
[INFO] Scan 15 files header done in 62.114ms.
[INFO] 
 * uptodate header on 14 files.
 * add header on 1 file.
[INFO] 
[INFO] --- license:1.6:update-project-license (first) @ wdtk-util ---
[INFO] 
[INFO] --- resources:3.3.1:resources (default-resources) @ wdtk-util ---
[INFO] skip non existing resourceDirectory /Users/ekaya/Desktop/testing/flakyRepair/repos/wikidata-toolkit/wdtk-util/src/main/resources
[INFO] Copying 1 resource from target/generated-sources/license to target/classes
[INFO] 
[INFO] --- compiler:3.1:compile (default-compile) @ wdtk-util ---
[INFO] Changes detected - recompiling the module!
[INFO] Compiling 9 source files to /Users/ekaya/Desktop/testing/flakyRepair/repos/wikidata-toolkit/wdtk-util/target/classes
[INFO] 
[INFO] --- resources:3.3.1:testResources (default-testResources) @ wdtk-util ---
[INFO] skip non existing resourceDirectory /Users/ekaya/Desktop/testing/flakyRepair/repos/wikidata-toolkit/wdtk-util/src/test/resources
[INFO] 
[INFO] --- compiler:3.1:testCompile (default-testCompile) @ wdtk-util ---
[INFO] Changes detected - recompiling the module!
[INFO] Compiling 6 source files to /Users/ekaya/Desktop/testing/flakyRepair/repos/wikidata-toolkit/wdtk-util/target/test-classes
[INFO] ------------------------------------------------------------------------
[INFO] BUILD SUCCESS
[INFO] ------------------------------------------------------------------------
[INFO] Total time:  4.916 s
[INFO] Finished at: 2026-05-03T00:56:13-04:00
[INFO] ------------------------------------------------------------------------
