[INFO] No suitable configuration file found, using defaults
[INFO] Using jgitver-maven-plugin [1.5.1] (sha1: e45d1669b39cedb98720dd33cc14d0185b455ca1)
[INFO]     version '2.0.7-SNAPSHOT' computed in 1161 ms
[INFO] 
[INFO] Scanning for projects...
[INFO] jgitver-maven-plugin is about to change project(s) version(s)
[INFO]     com.willwinder.universalgcodesender::ugs-parent::2.0-SNAPSHOT -> 2.0.7-SNAPSHOT
[INFO]     com.willwinder.universalgcodesender::ugs-core::2.0-SNAPSHOT -> 2.0.7-SNAPSHOT
[INFO]     com.willwinder.universalgcodesender::ugs-pendant::2.0-SNAPSHOT -> 2.0.7-SNAPSHOT
[INFO]     com.willwinder.universalgcodesender::ugs-classic::2.0-SNAPSHOT -> 2.0.7-SNAPSHOT
[INFO]     com.willwinder::ugs-platform-parent::2.0-SNAPSHOT -> 2.0.7-SNAPSHOT
[INFO]     com.willwinder::ugs-platform-branding::2.0-SNAPSHOT -> 2.0.7-SNAPSHOT
[INFO]     com.willwinder::ugs-platform-app::2.0-SNAPSHOT -> 2.0.7-SNAPSHOT
[INFO]     com.willwinder::ugs-platform-ugslib::2.0-SNAPSHOT -> 2.0.7-SNAPSHOT
[INFO]     com.willwinder::ugs-platform-ugscore::2.0-SNAPSHOT -> 2.0.7-SNAPSHOT
[INFO]     com.willwinder::ugs-platform-visualizer::2.0-SNAPSHOT -> 2.0.7-SNAPSHOT
[INFO]     com.willwinder::ugs-platform-plugin-workflow::2.0-SNAPSHOT -> 2.0.7-SNAPSHOT
[INFO]     com.willwinder::ugs-platform-gcode-editor::2.0-SNAPSHOT -> 2.0.7-SNAPSHOT
[INFO]     com.willwinder::ugs-platform-surfacescanner::2.0-SNAPSHOT -> 2.0.7-SNAPSHOT
[INFO]     com.willwinder::ugs-platform-plugin-jog::2.0-SNAPSHOT -> 2.0.7-SNAPSHOT
[INFO]     com.willwinder::ugs-platform-plugin-setup-wizard::2.0-SNAPSHOT -> 2.0.7-SNAPSHOT
[INFO]     com.willwinder::ProbeModule::2.0-SNAPSHOT -> 2.0.7-SNAPSHOT
[INFO]     com.willwinder::DowelModule::2.0-SNAPSHOT -> 2.0.7-SNAPSHOT
[INFO]     com.willwinder::GcodeTools::2.0-SNAPSHOT -> 2.0.7-SNAPSHOT
[INFO]     com.willwinder::ugs-platform-welcome-page::2.0-SNAPSHOT -> 2.0.7-SNAPSHOT
[INFO]     com.willwinder::ugs-platform-plugin-joystick::2.0-SNAPSHOT -> 2.0.7-SNAPSHOT
[INFO]     com.willwinder::ugs-platform-plugin-cloud-storage::2.0-SNAPSHOT -> 2.0.7-SNAPSHOT
[INFO]     com.willwinder::ugs-platform-plugin-toolbox::2.0-SNAPSHOT -> 2.0.7-SNAPSHOT
[INFO]     com.willwinder.universalgcodesender::ugs-cli::2.0-SNAPSHOT -> 2.0.7-SNAPSHOT
[INFO] 
[INFO] ------------< com.willwinder.universalgcodesender:ugs-core >------------
[INFO] Building ugs-core 2.0.7-SNAPSHOT
[INFO]   from pom.xml
[INFO] --------------------------------[ jar ]---------------------------------
[WARNING] 3 problems were encountered while building the effective model for com.miglayout:miglayout:jar:3.7.4 during dependency collection step for project (use -X to see details)
[INFO] 
[INFO] --- surefire:3.0.0-M4:test (default-cli) @ ugs-core ---
[INFO] 
[INFO] -------------------------------------------------------
[INFO]  T E S T S
[INFO] -------------------------------------------------------
[INFO] Running flakyrepro.DiffClassReproducer_row25
[REPRODUCED] row25: ArgumentsAreDifferent: 
Argument(s) are different! Wanted:
messageService.dispatchMessage(
    INFO,
    "An unexpected error was detected: (error:1) G-code words consist of a letter and a value. Letter was not found.
"
);
-> at com.willwinder.universalgcodesender.GrblControllerTest.rawResponseHandlerOnErrorWithNoSentCommandsShouldSendMessageToConsole(GrblControllerTest.java:1333)
Actual invocations have different arguments:
messageService.dispatchMessage(
    INFO,
    "Ett oväntat fel har uppstått: (error:1) G-code words consist of a letter and a value. Letter was not found.
"
);
-> at com.willwinder.universalgcodesender.AbstractController.dispatchConsoleMessage(AbstractController.java:870)

[ERROR] Tests run: 1, Failures: 1, Errors: 0, Skipped: 0, Time elapsed: 0.783 s <<< FAILURE! - in flakyrepro.DiffClassReproducer_row25
[ERROR] flakyrepro.DiffClassReproducer_row25.reproduce  Time elapsed: 0.701 s  <<< FAILURE!
Argument(s) are different! Wanted:
messageService.dispatchMessage(
    INFO,
    "An unexpected error was detected: (error:1) G-code words consist of a letter and a value. Letter was not found.
"
);
-> at com.willwinder.universalgcodesender.GrblControllerTest.rawResponseHandlerOnErrorWithNoSentCommandsShouldSendMessageToConsole(GrblControllerTest.java:1333)
Actual invocations have different arguments:
messageService.dispatchMessage(
    INFO,
    "Ett oväntat fel har uppstått: (error:1) G-code words consist of a letter and a value. Letter was not found.
"
);
-> at com.willwinder.universalgcodesender.AbstractController.dispatchConsoleMessage(AbstractController.java:870)

	at com.willwinder.universalgcodesender.GrblControllerTest.rawResponseHandlerOnErrorWithNoSentCommandsShouldSendMessageToConsole(GrblControllerTest.java:1333)
	at sun.reflect.NativeMethodAccessorImpl.invoke0(Native Method)
	at sun.reflect.NativeMethodAccessorImpl.invoke(NativeMethodAccessorImpl.java:62)
	at sun.reflect.DelegatingMethodAccessorImpl.invoke(DelegatingMethodAccessorImpl.java:43)
	at java.lang.reflect.Method.invoke(Method.java:498)
	at flakyrepro.DiffClassReproducer_row25.reproduce(DiffClassReproducer_row25.java:43)
	at sun.reflect.NativeMethodAccessorImpl.invoke0(Native Method)
	at sun.reflect.NativeMethodAccessorImpl.invoke(NativeMethodAccessorImpl.java:62)
	at sun.reflect.DelegatingMethodAccessorImpl.invoke(DelegatingMethodAccessorImpl.java:43)
	at java.lang.reflect.Method.invoke(Method.java:498)
	at org.junit.runners.model.FrameworkMethod$1.runReflectiveCall(FrameworkMethod.java:50)
	at org.junit.internal.runners.model.ReflectiveCallable.run(ReflectiveCallable.java:12)
	at org.junit.runners.model.FrameworkMethod.invokeExplosively(FrameworkMethod.java:47)
	at org.junit.internal.runners.statements.InvokeMethod.evaluate(InvokeMethod.java:17)
	at org.junit.runners.ParentRunner.runLeaf(ParentRunner.java:325)
	at org.junit.runners.BlockJUnit4ClassRunner.runChild(BlockJUnit4ClassRunner.java:78)
	at org.junit.runners.BlockJUnit4ClassRunner.runChild(BlockJUnit4ClassRunner.java:57)
	at org.junit.runners.ParentRunner$3.run(ParentRunner.java:290)
	at org.junit.runners.ParentRunner$1.schedule(ParentRunner.java:71)
	at org.junit.runners.ParentRunner.runChildren(ParentRunner.java:288)
	at org.junit.runners.ParentRunner.access$000(ParentRunner.java:58)
	at org.junit.runners.ParentRunner$2.evaluate(ParentRunner.java:268)
	at org.junit.runners.ParentRunner.run(ParentRunner.java:363)
	at org.apache.maven.surefire.junit4.JUnit4Provider.execute(JUnit4Provider.java:365)
	at org.apache.maven.surefire.junit4.JUnit4Provider.executeWithRerun(JUnit4Provider.java:273)
	at org.apache.maven.surefire.junit4.JUnit4Provider.executeTestSet(JUnit4Provider.java:238)
	at org.apache.maven.surefire.junit4.JUnit4Provider.invoke(JUnit4Provider.java:159)
	at org.apache.maven.surefire.booter.ForkedBooter.runSuitesInProcess(ForkedBooter.java:377)
	at org.apache.maven.surefire.booter.ForkedBooter.execute(ForkedBooter.java:138)
	at org.apache.maven.surefire.booter.ForkedBooter.run(ForkedBooter.java:465)
	at org.apache.maven.surefire.booter.ForkedBooter.main(ForkedBooter.java:451)

[INFO] 
[INFO] Results:
[INFO] 
[ERROR] Failures: 
[ERROR]   DiffClassReproducer_row25.reproduce:43 
Argument(s) are different! Wanted:
messageService.dispatchMessage(
    INFO,
    "An unexpected error was detected: (error:1) G-code words consist of a letter and a value. Letter was not found.
"
);
-> at com.willwinder.universalgcodesender.GrblControllerTest.rawResponseHandlerOnErrorWithNoSentCommandsShouldSendMessageToConsole(GrblControllerTest.java:1333)
Actual invocations have different arguments:
messageService.dispatchMessage(
    INFO,
    "Ett oväntat fel har uppstått: (error:1) G-code words consist of a letter and a value. Letter was not found.
"
);
-> at com.willwinder.universalgcodesender.AbstractController.dispatchConsoleMessage(AbstractController.java:870)

[INFO] 
[ERROR] Tests run: 1, Failures: 1, Errors: 0, Skipped: 0
[INFO] 
[ERROR] There are test failures.

Please refer to /Users/ekaya/Desktop/testing/flakyRepair/repos/Universal-G-Code-Sender/ugs-core/target/surefire-reports for the individual test results.
Please refer to dump files (if any exist) [date].dump, [date]-jvmRun[N].dump and [date].dumpstream.
[INFO] ------------------------------------------------------------------------
[INFO] BUILD SUCCESS
[INFO] ------------------------------------------------------------------------
[INFO] Total time:  6.452 s
[INFO] Finished at: 2026-05-03T00:56:51-04:00
[INFO] ------------------------------------------------------------------------


--- COMPILE STEP (prepended) ---
[INFO] No suitable configuration file found, using defaults
[INFO] Using jgitver-maven-plugin [1.5.1] (sha1: e45d1669b39cedb98720dd33cc14d0185b455ca1)
[INFO]     version '2.0.7-SNAPSHOT' computed in 1145 ms
[INFO] 
[INFO] Scanning for projects...
[INFO] jgitver-maven-plugin is about to change project(s) version(s)
[INFO]     com.willwinder.universalgcodesender::ugs-parent::2.0-SNAPSHOT -> 2.0.7-SNAPSHOT
[INFO]     com.willwinder.universalgcodesender::ugs-core::2.0-SNAPSHOT -> 2.0.7-SNAPSHOT
[INFO]     com.willwinder.universalgcodesender::ugs-pendant::2.0-SNAPSHOT -> 2.0.7-SNAPSHOT
[INFO]     com.willwinder.universalgcodesender::ugs-classic::2.0-SNAPSHOT -> 2.0.7-SNAPSHOT
[INFO]     com.willwinder::ugs-platform-parent::2.0-SNAPSHOT -> 2.0.7-SNAPSHOT
[INFO]     com.willwinder::ugs-platform-branding::2.0-SNAPSHOT -> 2.0.7-SNAPSHOT
[INFO]     com.willwinder::ugs-platform-app::2.0-SNAPSHOT -> 2.0.7-SNAPSHOT
[INFO]     com.willwinder::ugs-platform-ugslib::2.0-SNAPSHOT -> 2.0.7-SNAPSHOT
[INFO]     com.willwinder::ugs-platform-ugscore::2.0-SNAPSHOT -> 2.0.7-SNAPSHOT
[INFO]     com.willwinder::ugs-platform-visualizer::2.0-SNAPSHOT -> 2.0.7-SNAPSHOT
[INFO]     com.willwinder::ugs-platform-plugin-workflow::2.0-SNAPSHOT -> 2.0.7-SNAPSHOT
[INFO]     com.willwinder::ugs-platform-gcode-editor::2.0-SNAPSHOT -> 2.0.7-SNAPSHOT
[INFO]     com.willwinder::ugs-platform-surfacescanner::2.0-SNAPSHOT -> 2.0.7-SNAPSHOT
[INFO]     com.willwinder::ugs-platform-plugin-jog::2.0-SNAPSHOT -> 2.0.7-SNAPSHOT
[INFO]     com.willwinder::ugs-platform-plugin-setup-wizard::2.0-SNAPSHOT -> 2.0.7-SNAPSHOT
[INFO]     com.willwinder::ProbeModule::2.0-SNAPSHOT -> 2.0.7-SNAPSHOT
[INFO]     com.willwinder::DowelModule::2.0-SNAPSHOT -> 2.0.7-SNAPSHOT
[INFO]     com.willwinder::GcodeTools::2.0-SNAPSHOT -> 2.0.7-SNAPSHOT
[INFO]     com.willwinder::ugs-platform-welcome-page::2.0-SNAPSHOT -> 2.0.7-SNAPSHOT
[INFO]     com.willwinder::ugs-platform-plugin-joystick::2.0-SNAPSHOT -> 2.0.7-SNAPSHOT
[INFO]     com.willwinder::ugs-platform-plugin-cloud-storage::2.0-SNAPSHOT -> 2.0.7-SNAPSHOT
[INFO]     com.willwinder::ugs-platform-plugin-toolbox::2.0-SNAPSHOT -> 2.0.7-SNAPSHOT
[INFO]     com.willwinder.universalgcodesender::ugs-cli::2.0-SNAPSHOT -> 2.0.7-SNAPSHOT
[INFO] 
[INFO] ------------< com.willwinder.universalgcodesender:ugs-core >------------
[INFO] Building ugs-core 2.0.7-SNAPSHOT
[INFO]   from pom.xml
[INFO] --------------------------------[ jar ]---------------------------------
[WARNING] 3 problems were encountered while building the effective model for com.miglayout:miglayout:jar:3.7.4 during dependency collection step for project (use -X to see details)
[INFO] 
[INFO] --- jacoco:0.8.5:prepare-agent (default) @ ugs-core ---
[INFO] Skipping JaCoCo execution because property jacoco.skip is set.
[INFO] argLine set to empty
[INFO] 
[INFO] --- download:1.3.0:wget (Download GRBL error_codes_en_US) @ ugs-core ---
[INFO] File already exist, skipping
[INFO] 
[INFO] --- download:1.3.0:wget (Download GRBL alarm_codes_en_US) @ ugs-core ---
[INFO] File already exist, skipping
[INFO] 
[INFO] --- download:1.3.0:wget (Download GRBL setting_codes_en_US) @ ugs-core ---
[INFO] File already exist, skipping
[INFO] 
[INFO] --- resources:3.3.1:resources (default-resources) @ ugs-core ---
[INFO] Copying 116 resources from src to target/classes
[INFO] Copying 1 resource from src to target/classes
[INFO] The encoding used to copy filtered properties files have not been set. This means that the same encoding will be used to copy filtered properties files as when copying other filtered resources. This might not be what you want! Run your build with --debug to see which files might be affected. Read more at https://maven.apache.org/plugins/maven-resources-plugin/examples/filtering-properties-files.html
[INFO] 
[INFO] --- compiler:3.6.1:compile (compile) @ ugs-core ---
[INFO] Nothing to compile - all classes are up to date
[INFO] 
[INFO] --- resources:3.3.1:testResources (default-testResources) @ ugs-core ---
[INFO] Copying 64 resources from test/resources to target/test-classes
[INFO] 
[INFO] --- compiler:3.6.1:testCompile (testCompile) @ ugs-core ---
[INFO] Changes detected - recompiling the module!
[INFO] Compiling 50 source files to /Users/ekaya/Desktop/testing/flakyRepair/repos/Universal-G-Code-Sender/ugs-core/target/test-classes
[INFO] /Users/ekaya/Desktop/testing/flakyRepair/repos/Universal-G-Code-Sender/ugs-core/test/com/willwinder/universalgcodesender/model/GUIBackendTest.java: Some input files use or override a deprecated API.
[INFO] /Users/ekaya/Desktop/testing/flakyRepair/repos/Universal-G-Code-Sender/ugs-core/test/com/willwinder/universalgcodesender/model/GUIBackendTest.java: Recompile with -Xlint:deprecation for details.
[INFO] ------------------------------------------------------------------------
[INFO] BUILD SUCCESS
[INFO] ------------------------------------------------------------------------
[INFO] Total time:  10.280 s
[INFO] Finished at: 2026-05-03T00:56:41-04:00
[INFO] ------------------------------------------------------------------------
