/Users/ekaya/Desktop/testing/flakyRepair/repos/aismessages
[INFO] Scanning for projects...
[INFO] 
[INFO] ------------------------------------------------------------------------
[INFO] Building aismessages 3.0.0-SNAPSHOT
[INFO] ------------------------------------------------------------------------
[INFO] 
[INFO] --- maven-surefire-plugin:2.22.0:test (default-cli) @ aismessages ---
[INFO] 
[INFO] -------------------------------------------------------
[INFO]  T E S T S
[INFO] -------------------------------------------------------
[INFO] Running flakyrepro.ProgrammaticReproducer_row22

AISMessages v2.2.2 // Copyright (c) 2011- by S-Consult ApS, Denmark, CVR DK31327490. http://s-consult.dk.

This work is licensed under the Creative Commons Attribution-NonCommercial-ShareAlike 3.0 Unported License. To view a copy of
this license, visit http://creativecommons.org/licenses/by-nc-sa/3.0/ or send a letter to Creative Commons, 171 Second Street,
Suite 300, San Francisco, California, 94105, USA.

NOT FOR COMMERCIAL USE!
Contact sales@s-consult.dk to obtain commercially licensed software.

[REPRODUCED] row22: NullPointerException: null
[ERROR] Tests run: 1, Failures: 0, Errors: 1, Skipped: 0, Time elapsed: 0.122 s <<< FAILURE! - in flakyrepro.ProgrammaticReproducer_row22
[ERROR] reproduce(flakyrepro.ProgrammaticReproducer_row22)  Time elapsed: 0.066 s  <<< ERROR!
java.lang.NullPointerException
	at dk.tbsalling.aismessages.nmea.NMEAMessageHandlerTest.canHandleUnfragmentedMessageReceived(NMEAMessageHandlerTest.java:43)
	at sun.reflect.NativeMethodAccessorImpl.invoke0(Native Method)
	at sun.reflect.NativeMethodAccessorImpl.invoke(NativeMethodAccessorImpl.java:62)
	at sun.reflect.DelegatingMethodAccessorImpl.invoke(DelegatingMethodAccessorImpl.java:43)
	at java.lang.reflect.Method.invoke(Method.java:498)
	at flakyrepro.ProgrammaticReproducer_row22.reproduce(ProgrammaticReproducer_row22.java:47)
	at sun.reflect.NativeMethodAccessorImpl.invoke0(Native Method)
	at sun.reflect.NativeMethodAccessorImpl.invoke(NativeMethodAccessorImpl.java:62)
	at sun.reflect.DelegatingMethodAccessorImpl.invoke(DelegatingMethodAccessorImpl.java:43)
	at java.lang.reflect.Method.invoke(Method.java:498)
	at org.junit.runners.model.FrameworkMethod$1.runReflectiveCall(FrameworkMethod.java:50)
	at org.junit.internal.runners.model.ReflectiveCallable.run(ReflectiveCallable.java:12)
	at org.junit.runners.model.FrameworkMethod.invokeExplosively(FrameworkMethod.java:47)
	at org.junit.internal.runners.statements.InvokeMethod.evaluate(InvokeMethod.java:17)
	at org.junit.runners.ParentRunner.runLeaf(ParentRunner.java:325)
	at org.junit.runners.BlockJUnit4ClassRunner.runChild(BlockJUnit4ClassRunner.java:78)
	at org.junit.runners.BlockJUnit4ClassRunner.runChild(BlockJUnit4ClassRunner.java:57)
	at org.junit.runners.ParentRunner$3.run(ParentRunner.java:290)
	at org.junit.runners.ParentRunner$1.schedule(ParentRunner.java:71)
	at org.junit.runners.ParentRunner.runChildren(ParentRunner.java:288)
	at org.junit.runners.ParentRunner.access$000(ParentRunner.java:58)
	at org.junit.runners.ParentRunner$2.evaluate(ParentRunner.java:268)
	at org.junit.runners.ParentRunner.run(ParentRunner.java:363)
	at org.apache.maven.surefire.junit4.JUnit4Provider.execute(JUnit4Provider.java:365)
	at org.apache.maven.surefire.junit4.JUnit4Provider.executeWithRerun(JUnit4Provider.java:273)
	at org.apache.maven.surefire.junit4.JUnit4Provider.executeTestSet(JUnit4Provider.java:238)
	at org.apache.maven.surefire.junit4.JUnit4Provider.invoke(JUnit4Provider.java:159)
	at org.apache.maven.surefire.booter.ForkedBooter.invokeProviderInSameClassLoader(ForkedBooter.java:383)
	at org.apache.maven.surefire.booter.ForkedBooter.runSuitesInProcess(ForkedBooter.java:344)
	at org.apache.maven.surefire.booter.ForkedBooter.execute(ForkedBooter.java:125)
	at org.apache.maven.surefire.booter.ForkedBooter.main(ForkedBooter.java:417)

[INFO] 
[INFO] Results:
[INFO] 
[ERROR] Errors: 
[ERROR]   ProgrammaticReproducer_row22.reproduce:47 » NullPointer
[INFO] 
[ERROR] Tests run: 1, Failures: 0, Errors: 1, Skipped: 0
[INFO] 
[ERROR] There are test failures.

Please refer to /Users/ekaya/Desktop/testing/flakyRepair/repos/aismessages/target/surefire-reports for the individual test results.
Please refer to dump files (if any exist) [date]-jvmRun[N].dump, [date].dumpstream and [date]-jvmRun[N].dumpstream.
[INFO] ------------------------------------------------------------------------
[INFO] BUILD SUCCESS
[INFO] ------------------------------------------------------------------------
[INFO] Total time: 2.414 s
[INFO] Finished at: 2026-05-03T00:55:43-04:00
[INFO] Final Memory: 13M/220M
[INFO] ------------------------------------------------------------------------


--- COMPILE STEP (prepended) ---
/Users/ekaya/Desktop/testing/flakyRepair/repos/aismessages
[INFO] Scanning for projects...
[INFO] 
[INFO] ------------------------------------------------------------------------
[INFO] Building aismessages 3.0.0-SNAPSHOT
[INFO] ------------------------------------------------------------------------
[INFO] 
[INFO] --- maven-enforcer-plugin:1.0:enforce (enforce-maven) @ aismessages ---
[INFO] Skipping Rule Enforcement.
[INFO] 
[INFO] --- maven-resources-plugin:2.6:resources (default-resources) @ aismessages ---
[INFO] Using 'UTF-8' encoding to copy filtered resources.
[INFO] Copying 1 resource
[INFO] 
[INFO] --- maven-compiler-plugin:3.8.0:compile (default-compile) @ aismessages ---
[INFO] Nothing to compile - all classes are up to date
[INFO] 
[INFO] --- maven-resources-plugin:2.6:testResources (default-testResources) @ aismessages ---
[INFO] Using 'UTF-8' encoding to copy filtered resources.
[INFO] skip non existing resourceDirectory /Users/ekaya/Desktop/testing/flakyRepair/repos/aismessages/src/test/resources
[INFO] 
[INFO] --- maven-compiler-plugin:3.8.0:testCompile (default-testCompile) @ aismessages ---
[INFO] Changes detected - recompiling the module!
[INFO] Compiling 20 source files to /Users/ekaya/Desktop/testing/flakyRepair/repos/aismessages/target/test-classes
[INFO] /Users/ekaya/Desktop/testing/flakyRepair/repos/aismessages/src/test/java/dk/tbsalling/aismessages/ais/messages/ShipAndVoyageDataTest.java: /Users/ekaya/Desktop/testing/flakyRepair/repos/aismessages/src/test/java/dk/tbsalling/aismessages/ais/messages/ShipAndVoyageDataTest.java uses or overrides a deprecated API.
[INFO] /Users/ekaya/Desktop/testing/flakyRepair/repos/aismessages/src/test/java/dk/tbsalling/aismessages/ais/messages/ShipAndVoyageDataTest.java: Recompile with -Xlint:deprecation for details.
[INFO] /Users/ekaya/Desktop/testing/flakyRepair/repos/aismessages/src/test/java/dk/tbsalling/aismessages/nmea/NMEAMessageHandlerTest.java: Some input files use unchecked or unsafe operations.
[INFO] /Users/ekaya/Desktop/testing/flakyRepair/repos/aismessages/src/test/java/dk/tbsalling/aismessages/nmea/NMEAMessageHandlerTest.java: Recompile with -Xlint:unchecked for details.
[INFO] ------------------------------------------------------------------------
[INFO] BUILD SUCCESS
[INFO] ------------------------------------------------------------------------
[INFO] Total time: 3.815 s
[INFO] Finished at: 2026-05-03T00:55:39-04:00
[INFO] Final Memory: 20M/306M
[INFO] ------------------------------------------------------------------------
