/Users/ekaya/Desktop/testing/flakyRepair/repos/aismessages
[INFO] Scanning for projects...
[INFO] 
[INFO] ------------------------------------------------------------------------
[INFO] Building aismessages 3.0.0-SNAPSHOT
[INFO] ------------------------------------------------------------------------
[INFO] 
[INFO] --- maven-surefire-plugin:2.22.0:test (default-cli) @ aismessages ---
[INFO] 
[INFO] -------------------------------------------------------
[INFO]  T E S T S
[INFO] -------------------------------------------------------
[INFO] Running dk.tbsalling.aismessages.nmea.NMEAMessageHandlerTest

AISMessages v2.2.2 // Copyright (c) 2011- by S-Consult ApS, Denmark, CVR DK31327490. http://s-consult.dk.

This work is licensed under the Creative Commons Attribution-NonCommercial-ShareAlike 3.0 Unported License. To view a copy of
this license, visit http://creativecommons.org/licenses/by-nc-sa/3.0/ or send a letter to Creative Commons, 171 Second Street,
Suite 300, San Francisco, California, 94105, USA.

NOT FOR COMMERCIAL USE!
Contact sales@s-consult.dk to obtain commercially licensed software.

[INFO] Tests run: 1, Failures: 0, Errors: 0, Skipped: 0, Time elapsed: 0.107 s - in dk.tbsalling.aismessages.nmea.NMEAMessageHandlerTest
[INFO] 
[INFO] Results:
[INFO] 
[INFO] Tests run: 1, Failures: 0, Errors: 0, Skipped: 0
[INFO] 
[INFO] ------------------------------------------------------------------------
[INFO] BUILD SUCCESS
[INFO] ------------------------------------------------------------------------
[INFO] Total time: 2.641 s
[INFO] Finished at: 2026-05-03T00:55:18-04:00
[INFO] Final Memory: 12M/225M
[INFO] ------------------------------------------------------------------------
