[INFO] Scanning for projects...
[INFO] 
[INFO] ----------------------< com.github.jnr:jnr-posix >----------------------
[INFO] Building jnr-posix 3.1.5-SNAPSHOT
[INFO]   from pom.xml
[INFO] --------------------------------[ jar ]---------------------------------
[INFO] 
[INFO] --- surefire:2.18.1:test (default-cli) @ jnr-posix ---
[INFO] Surefire report directory: /Users/ekaya/Desktop/testing/flakyRepair/repos/jnr-posix/target/surefire-reports

-------------------------------------------------------
 T E S T S
-------------------------------------------------------
OpenJDK 64-Bit Server VM warning: ignoring option MaxPermSize=256m; support was removed in 8.0
Running flakyrepro.DiffClassReproducer_row26
Successfully loaded native POSIX impl.
[REPRODUCED] row26: IOException: Cannot run program "id": error=2, No such file or directory
Tests run: 1, Failures: 1, Errors: 0, Skipped: 0, Time elapsed: 0.893 sec <<< FAILURE! - in flakyrepro.DiffClassReproducer_row26
reproduce(flakyrepro.DiffClassReproducer_row26)  Time elapsed: 0.893 sec  <<< FAILURE!
java.lang.AssertionError: [REPRODUCED] Cannot run program "id": error=2, No such file or directory
	at flakyrepro.DiffClassReproducer_row26.reproduce(DiffClassReproducer_row26.java:54)
	at sun.reflect.NativeMethodAccessorImpl.invoke0(Native Method)
	at sun.reflect.NativeMethodAccessorImpl.invoke(NativeMethodAccessorImpl.java:62)
	at sun.reflect.DelegatingMethodAccessorImpl.invoke(DelegatingMethodAccessorImpl.java:43)
	at java.lang.reflect.Method.invoke(Method.java:498)
	at org.junit.runners.model.FrameworkMethod$1.runReflectiveCall(FrameworkMethod.java:59)
	at org.junit.internal.runners.model.ReflectiveCallable.run(ReflectiveCallable.java:12)
	at org.junit.runners.model.FrameworkMethod.invokeExplosively(FrameworkMethod.java:56)
	at org.junit.internal.runners.statements.InvokeMethod.evaluate(InvokeMethod.java:17)
	at org.junit.runners.ParentRunner$3.evaluate(ParentRunner.java:306)
	at org.junit.runners.BlockJUnit4ClassRunner$1.evaluate(BlockJUnit4ClassRunner.java:100)
	at org.junit.runners.ParentRunner.runLeaf(ParentRunner.java:366)
	at org.junit.runners.BlockJUnit4ClassRunner.runChild(BlockJUnit4ClassRunner.java:103)
	at org.junit.runners.BlockJUnit4ClassRunner.runChild(BlockJUnit4ClassRunner.java:63)
	at org.junit.runners.ParentRunner$4.run(ParentRunner.java:331)
	at org.junit.runners.ParentRunner$1.schedule(ParentRunner.java:79)
	at org.junit.runners.ParentRunner.runChildren(ParentRunner.java:329)
	at org.junit.runners.ParentRunner.access$100(ParentRunner.java:66)
	at org.junit.runners.ParentRunner$2.evaluate(ParentRunner.java:293)
	at org.junit.runners.ParentRunner$3.evaluate(ParentRunner.java:306)
	at org.junit.runners.ParentRunner.run(ParentRunner.java:413)
	at org.apache.maven.surefire.junit4.JUnit4Provider.execute(JUnit4Provider.java:283)
	at org.apache.maven.surefire.junit4.JUnit4Provider.executeWithRerun(JUnit4Provider.java:173)
	at org.apache.maven.surefire.junit4.JUnit4Provider.executeTestSet(JUnit4Provider.java:153)
	at org.apache.maven.surefire.junit4.JUnit4Provider.invoke(JUnit4Provider.java:128)
	at org.apache.maven.surefire.booter.ForkedBooter.invokeProviderInSameClassLoader(ForkedBooter.java:203)
	at org.apache.maven.surefire.booter.ForkedBooter.runSuitesInProcess(ForkedBooter.java:155)
	at org.apache.maven.surefire.booter.ForkedBooter.main(ForkedBooter.java:103)
Caused by: java.io.IOException: Cannot run program "id": error=2, No such file or directory
	at java.lang.ProcessBuilder.start(ProcessBuilder.java:1048)
	at java.lang.Runtime.exec(Runtime.java:621)
	at java.lang.Runtime.exec(Runtime.java:451)
	at java.lang.Runtime.exec(Runtime.java:348)
	at jnr.posix.GroupTest.exec(GroupTest.java:122)
	at jnr.posix.GroupTest.getgroups(GroupTest.java:92)
	at sun.reflect.NativeMethodAccessorImpl.invoke0(Native Method)
	at sun.reflect.NativeMethodAccessorImpl.invoke(NativeMethodAccessorImpl.java:62)
	at sun.reflect.DelegatingMethodAccessorImpl.invoke(DelegatingMethodAccessorImpl.java:43)
	at java.lang.reflect.Method.invoke(Method.java:498)
	at flakyrepro.DiffClassReproducer_row26.reproduce(DiffClassReproducer_row26.java:43)
	... 27 more
Caused by: java.io.IOException: error=2, No such file or directory
	at java.lang.UNIXProcess.forkAndExec(Native Method)
	at java.lang.UNIXProcess.<init>(UNIXProcess.java:247)
	at java.lang.ProcessImpl.start(ProcessImpl.java:134)
	at java.lang.ProcessBuilder.start(ProcessBuilder.java:1029)
	... 37 more


Results :

Failed tests: 
  DiffClassReproducer_row26.reproduce:54 [REPRODUCED] Cannot run program "id": error=2, No such file or directory

Tests run: 1, Failures: 1, Errors: 0, Skipped: 0

[ERROR] There are test failures.

Please refer to /Users/ekaya/Desktop/testing/flakyRepair/repos/jnr-posix/target/surefire-reports for the individual test results.
[INFO] ------------------------------------------------------------------------
[INFO] BUILD SUCCESS
[INFO] ------------------------------------------------------------------------
[INFO] Total time:  2.933 s
[INFO] Finished at: 2026-05-03T00:57:11-04:00
[INFO] ------------------------------------------------------------------------


--- COMPILE STEP (prepended) ---
[INFO] Scanning for projects...
[INFO] 
[INFO] ----------------------< com.github.jnr:jnr-posix >----------------------
[INFO] Building jnr-posix 3.1.5-SNAPSHOT
[INFO]   from pom.xml
[INFO] --------------------------------[ jar ]---------------------------------
[INFO] 
[INFO] --- enforcer:1.0:enforce (enforce-maven) @ jnr-posix ---
[INFO] Skipping Rule Enforcement.
[INFO] 
[INFO] --- resources:3.3.1:resources (default-resources) @ jnr-posix ---
[INFO] skip non existing resourceDirectory /Users/ekaya/Desktop/testing/flakyRepair/repos/jnr-posix/src/main/resources
[INFO] 
[INFO] --- compiler:3.8.1:compile (default-compile) @ jnr-posix ---
[INFO] Nothing to compile - all classes are up to date
[INFO] 
[INFO] --- bundle:2.3.7:manifest (bundle-manifest) @ jnr-posix ---
[INFO] 
[INFO] --- resources:3.3.1:testResources (default-testResources) @ jnr-posix ---
[INFO] skip non existing resourceDirectory /Users/ekaya/Desktop/testing/flakyRepair/repos/jnr-posix/src/test/resources
[INFO] 
[INFO] --- compiler:3.8.1:testCompile (default-testCompile) @ jnr-posix ---
[INFO] Changes detected - recompiling the module!
[INFO] Compiling 27 source files to /Users/ekaya/Desktop/testing/flakyRepair/repos/jnr-posix/target/test-classes
[INFO] /Users/ekaya/Desktop/testing/flakyRepair/repos/jnr-posix/src/test/java/jnr/posix/SpawnTest.java: Some input files use or override a deprecated API.
[INFO] /Users/ekaya/Desktop/testing/flakyRepair/repos/jnr-posix/src/test/java/jnr/posix/SpawnTest.java: Recompile with -Xlint:deprecation for details.
[INFO] /Users/ekaya/Desktop/testing/flakyRepair/repos/jnr-posix/src/test/java/jnr/posix/HostnameTest.java: /Users/ekaya/Desktop/testing/flakyRepair/repos/jnr-posix/src/test/java/jnr/posix/HostnameTest.java uses unchecked or unsafe operations.
[INFO] /Users/ekaya/Desktop/testing/flakyRepair/repos/jnr-posix/src/test/java/jnr/posix/HostnameTest.java: Recompile with -Xlint:unchecked for details.
[INFO] ------------------------------------------------------------------------
[INFO] BUILD SUCCESS
[INFO] ------------------------------------------------------------------------
[INFO] Total time:  5.980 s
[INFO] Finished at: 2026-05-03T00:57:05-04:00
[INFO] ------------------------------------------------------------------------
