[INFO] Scanning for projects...
[INFO] 
[INFO] ----------------------< lv.ctco.cukes:cukes-http >----------------------
[INFO] Building Cukes HTTP 0.0.33-SNAPSHOT
[INFO]   from pom.xml
[INFO] --------------------------------[ jar ]---------------------------------
[INFO] 
[INFO] --- surefire:2.19.1:test (default-cli) @ cukes-http ---

-------------------------------------------------------
 T E S T S
-------------------------------------------------------
Running flakyrepro.ProgrammaticReproducer_row27
SLF4J: Failed to load class "org.slf4j.impl.StaticLoggerBinder".
SLF4J: Defaulting to no-operation (NOP) logger implementation
SLF4J: See http://www.slf4j.org/codes.html#StaticLoggerBinder for further details.
[REPRODUCED] row27: ComparisonFailure: expected:<... was "404" with body[:
"""
{
  "error": "not found"
}
"""].
> but was:<... was "404" with body[ <exceeding max size to show>].
>
Tests run: 1, Failures: 1, Errors: 0, Skipped: 0, Time elapsed: 1.697 sec <<< FAILURE! - in flakyrepro.ProgrammaticReproducer_row27
reproduce(flakyrepro.ProgrammaticReproducer_row27)  Time elapsed: 1.653 sec  <<< FAILURE!
org.junit.ComparisonFailure: 
expected:<... was "404" with body[:
"""
{
  "error": "not found"
}
"""].
> but was:<... was "404" with body[ <exceeding max size to show>].
>
	at org.junit.Assert.assertEquals(Assert.java:115)
	at org.junit.Assert.assertEquals(Assert.java:144)
	at lv.ctco.cukes.http.facade.HttpAssertionFacadeImplTest.validateException(HttpAssertionFacadeImplTest.java:195)
	at lv.ctco.cukes.http.facade.HttpAssertionFacadeImplTest.shouldReturnBodyWhenEnabledAndNoMax(HttpAssertionFacadeImplTest.java:91)
	at sun.reflect.NativeMethodAccessorImpl.invoke0(Native Method)
	at sun.reflect.NativeMethodAccessorImpl.invoke(NativeMethodAccessorImpl.java:62)
	at sun.reflect.DelegatingMethodAccessorImpl.invoke(DelegatingMethodAccessorImpl.java:43)
	at java.lang.reflect.Method.invoke(Method.java:498)
	at flakyrepro.ProgrammaticReproducer_row27.reproduce(ProgrammaticReproducer_row27.java:47)
	at sun.reflect.NativeMethodAccessorImpl.invoke0(Native Method)
	at sun.reflect.NativeMethodAccessorImpl.invoke(NativeMethodAccessorImpl.java:62)
	at sun.reflect.DelegatingMethodAccessorImpl.invoke(DelegatingMethodAccessorImpl.java:43)
	at java.lang.reflect.Method.invoke(Method.java:498)
	at org.junit.runners.model.FrameworkMethod$1.runReflectiveCall(FrameworkMethod.java:50)
	at org.junit.internal.runners.model.ReflectiveCallable.run(ReflectiveCallable.java:12)
	at org.junit.runners.model.FrameworkMethod.invokeExplosively(FrameworkMethod.java:47)
	at org.junit.internal.runners.statements.InvokeMethod.evaluate(InvokeMethod.java:17)
	at org.junit.runners.ParentRunner.runLeaf(ParentRunner.java:325)
	at org.junit.runners.BlockJUnit4ClassRunner.runChild(BlockJUnit4ClassRunner.java:78)
	at org.junit.runners.BlockJUnit4ClassRunner.runChild(BlockJUnit4ClassRunner.java:57)
	at org.junit.runners.ParentRunner$3.run(ParentRunner.java:290)
	at org.junit.runners.ParentRunner$1.schedule(ParentRunner.java:71)
	at org.junit.runners.ParentRunner.runChildren(ParentRunner.java:288)
	at org.junit.runners.ParentRunner.access$000(ParentRunner.java:58)
	at org.junit.runners.ParentRunner$2.evaluate(ParentRunner.java:268)
	at org.junit.runners.ParentRunner.run(ParentRunner.java:363)
	at org.apache.maven.surefire.junit4.JUnit4Provider.execute(JUnit4Provider.java:367)
	at org.apache.maven.surefire.junit4.JUnit4Provider.executeWithRerun(JUnit4Provider.java:274)
	at org.apache.maven.surefire.junit4.JUnit4Provider.executeTestSet(JUnit4Provider.java:238)
	at org.apache.maven.surefire.junit4.JUnit4Provider.invoke(JUnit4Provider.java:161)
	at org.apache.maven.surefire.booter.ForkedBooter.invokeProviderInSameClassLoader(ForkedBooter.java:290)
	at org.apache.maven.surefire.booter.ForkedBooter.runSuitesInProcess(ForkedBooter.java:242)
	at org.apache.maven.surefire.booter.ForkedBooter.main(ForkedBooter.java:121)


Results :

Failed tests: 
  ProgrammaticReproducer_row27.reproduce:47 expected:<... was "404" with body[:
"""
{
  "error": "not found"
}
"""].
> but was:<... was "404" with body[ <exceeding max size to show>].
>

Tests run: 1, Failures: 1, Errors: 0, Skipped: 0

[ERROR] There are test failures.

Please refer to /Users/ekaya/Desktop/testing/flakyRepair/repos/cukes/cukes-http/target/surefire-reports for the individual test results.
[INFO] ------------------------------------------------------------------------
[INFO] BUILD SUCCESS
[INFO] ------------------------------------------------------------------------
[INFO] Total time:  4.525 s
[INFO] Finished at: 2026-05-03T00:57:31-04:00
[INFO] ------------------------------------------------------------------------


--- COMPILE STEP (prepended) ---
[INFO] Scanning for projects...
[INFO] 
[INFO] ----------------------< lv.ctco.cukes:cukes-http >----------------------
[INFO] Building Cukes HTTP 0.0.33-SNAPSHOT
[INFO]   from pom.xml
[INFO] --------------------------------[ jar ]---------------------------------
[INFO] 
[INFO] --- resources:3.3.1:resources (default-resources) @ cukes-http ---
[WARNING] Using platform encoding (UTF-8 actually) to copy filtered resources, i.e. build is platform dependent!
[INFO] skip non existing resourceDirectory /Users/ekaya/Desktop/testing/flakyRepair/repos/cukes/cukes-http/src/main/resources
[INFO] 
[INFO] --- compiler:3.1:compile (default-compile) @ cukes-http ---
[INFO] Nothing to compile - all classes are up to date
[INFO] 
[INFO] --- resources:3.3.1:testResources (default-testResources) @ cukes-http ---
[WARNING] Using platform encoding (UTF-8 actually) to copy filtered resources, i.e. build is platform dependent!
[INFO] skip non existing resourceDirectory /Users/ekaya/Desktop/testing/flakyRepair/repos/cukes/cukes-http/src/test/resources
[INFO] 
[INFO] --- compiler:3.1:testCompile (default-testCompile) @ cukes-http ---
[INFO] Changes detected - recompiling the module!
[INFO] Compiling 7 source files to /Users/ekaya/Desktop/testing/flakyRepair/repos/cukes/cukes-http/target/test-classes
[WARNING] /Users/ekaya/Desktop/testing/flakyRepair/repos/cukes/cukes-http/src/test/java/lv/ctco/cukes/http/RequestBody.java: /Users/ekaya/Desktop/testing/flakyRepair/repos/cukes/cukes-http/src/test/java/lv/ctco/cukes/http/RequestBody.java uses unchecked or unsafe operations.
[WARNING] /Users/ekaya/Desktop/testing/flakyRepair/repos/cukes/cukes-http/src/test/java/lv/ctco/cukes/http/RequestBody.java: Recompile with -Xlint:unchecked for details.
[INFO] ------------------------------------------------------------------------
[INFO] BUILD SUCCESS
[INFO] ------------------------------------------------------------------------
[INFO] Total time:  3.665 s
[INFO] Finished at: 2026-05-03T00:57:24-04:00
[INFO] ------------------------------------------------------------------------
